
*** Running vivado
    with args -log DSP_ref.vds -m64 -mode batch -messageDb vivado.pb -notrace -source DSP_ref.tcl

WARNING: Default location for XILINX_VIVADO_HLS not found: 

****** Vivado v2015.2 (64-bit)
  **** SW Build 1266856 on Fri Jun 26 16:35:25 MDT 2015
  **** IP Build 1264090 on Wed Jun 24 14:22:01 MDT 2015
    ** Copyright 1986-2015 Xilinx, Inc. All Rights Reserved.

source DSP_ref.tcl -notrace
INFO: [IP_Flow 19-234] Refreshing IP repositories
INFO: [IP_Flow 19-1704] No user IP repositories specified
INFO: [IP_Flow 19-2313] Loaded Vivado IP repository 'C:/Xilinx/Vivado/2015.2/data/ip'.
WARNING: [IP_Flow 19-3664] IP 'DSP_ref' generated file not found 'c:/Users/puertask/Documents/atan_phase_detector_x5/atan_phase_detector_x5.srcs/sources_1/ip/DSP_ref/DSP_ref.dcp'. Please regenerate to continue.
WARNING: [IP_Flow 19-3664] IP 'DSP_ref' generated file not found 'c:/Users/puertask/Documents/atan_phase_detector_x5/atan_phase_detector_x5.srcs/sources_1/ip/DSP_ref/DSP_ref_stub.v'. Please regenerate to continue.
WARNING: [IP_Flow 19-3664] IP 'DSP_ref' generated file not found 'c:/Users/puertask/Documents/atan_phase_detector_x5/atan_phase_detector_x5.srcs/sources_1/ip/DSP_ref/DSP_ref_stub.vhdl'. Please regenerate to continue.
WARNING: [IP_Flow 19-3664] IP 'DSP_ref' generated file not found 'c:/Users/puertask/Documents/atan_phase_detector_x5/atan_phase_detector_x5.srcs/sources_1/ip/DSP_ref/DSP_ref_funcsim.v'. Please regenerate to continue.
WARNING: [IP_Flow 19-3664] IP 'DSP_ref' generated file not found 'c:/Users/puertask/Documents/atan_phase_detector_x5/atan_phase_detector_x5.srcs/sources_1/ip/DSP_ref/DSP_ref_funcsim.vhdl'. Please regenerate to continue.
Command: synth_design -top DSP_ref -part xc7k160tffg676-2 -mode out_of_context
Starting synth_design
Attempting to get a license for feature 'Synthesis' and/or device 'xc7k160t'
INFO: [Common 17-349] Got license for feature 'Synthesis' and/or device 'xc7k160t'
---------------------------------------------------------------------------------
Starting RTL Elaboration : Time (s): cpu = 00:00:04 ; elapsed = 00:00:05 . Memory (MB): peak = 254.355 ; gain = 72.227
---------------------------------------------------------------------------------
INFO: [Synth 8-638] synthesizing module 'DSP_ref' [c:/Users/puertask/Documents/atan_phase_detector_x5/atan_phase_detector_x5.srcs/sources_1/ip/DSP_ref/synth/DSP_ref.vhd:68]
INFO: [Synth 8-3491] module 'xbip_dsp48_macro_v3_0' declared at 'c:/Users/puertask/Documents/atan_phase_detector_x5/atan_phase_detector_x5.srcs/sources_1/ip/DSP_ref/xbip_dsp48_macro_v3_0/hdl/xbip_dsp48_macro_v3_0.vhd:109' bound to instance 'U0' of component 'xbip_dsp48_macro_v3_0' [c:/Users/puertask/Documents/atan_phase_detector_x5/atan_phase_detector_x5.srcs/sources_1/ip/DSP_ref/synth/DSP_ref.vhd:201]
INFO: [Synth 8-638] synthesizing module 'xbip_dsp48_macro_v3_0' [c:/Users/puertask/Documents/atan_phase_detector_x5/atan_phase_detector_x5.srcs/sources_1/ip/DSP_ref/xbip_dsp48_macro_v3_0/hdl/xbip_dsp48_macro_v3_0.vhd:229]
INFO: [Synth 8-3491] module 'xbip_dsp48_macro_v3_0_viv' declared at 'c:/Users/puertask/Documents/atan_phase_detector_x5/atan_phase_detector_x5.srcs/sources_1/ip/DSP_ref/xbip_dsp48_macro_v3_0/hdl/xbip_dsp48_macro_v3_0_vh_rfs.vhd:4318' bound to instance 'i_synth' of component 'xbip_dsp48_macro_v3_0_viv' [c:/Users/puertask/Documents/atan_phase_detector_x5/atan_phase_detector_x5.srcs/sources_1/ip/DSP_ref/xbip_dsp48_macro_v3_0/hdl/xbip_dsp48_macro_v3_0.vhd:235]
INFO: [Synth 8-638] synthesizing module 'xbip_dsp48_macro_v3_0_viv' [c:/Users/puertask/Documents/atan_phase_detector_x5/atan_phase_detector_x5.srcs/sources_1/ip/DSP_ref/xbip_dsp48_macro_v3_0/hdl/xbip_dsp48_macro_v3_0_vh_rfs.vhd:4450]
WARNING: [Synth 8-312] ignoring unsynthesizable construct: assertion statement [c:/Users/puertask/Documents/atan_phase_detector_x5/atan_phase_detector_x5.srcs/sources_1/ip/DSP_ref/xbip_dsp48_macro_v3_0/hdl/xbip_dsp48_macro_v3_0_vh_rfs.vhd:818]
WARNING: [Synth 8-312] ignoring unsynthesizable construct: assertion statement [c:/Users/puertask/Documents/atan_phase_detector_x5/atan_phase_detector_x5.srcs/sources_1/ip/DSP_ref/xbip_dsp48_macro_v3_0/hdl/xbip_dsp48_macro_v3_0_vh_rfs.vhd:821]
WARNING: [Synth 8-312] ignoring unsynthesizable construct: assertion statement [c:/Users/puertask/Documents/atan_phase_detector_x5/atan_phase_detector_x5.srcs/sources_1/ip/DSP_ref/xbip_dsp48_macro_v3_0/hdl/xbip_dsp48_macro_v3_0_vh_rfs.vhd:824]
WARNING: [Synth 8-312] ignoring unsynthesizable construct: assertion statement [c:/Users/puertask/Documents/atan_phase_detector_x5/atan_phase_detector_x5.srcs/sources_1/ip/DSP_ref/xbip_dsp48_macro_v3_0/hdl/xbip_dsp48_macro_v3_0_vh_rfs.vhd:828]
WARNING: [Synth 8-312] ignoring unsynthesizable construct: assertion statement [c:/Users/puertask/Documents/atan_phase_detector_x5/atan_phase_detector_x5.srcs/sources_1/ip/DSP_ref/xbip_dsp48_macro_v3_0/hdl/xbip_dsp48_macro_v3_0_vh_rfs.vhd:833]
WARNING: [Synth 8-312] ignoring unsynthesizable construct: assertion statement [c:/Users/puertask/Documents/atan_phase_detector_x5/atan_phase_detector_x5.srcs/sources_1/ip/DSP_ref/xbip_dsp48_macro_v3_0/hdl/xbip_dsp48_macro_v3_0_vh_rfs.vhd:837]
WARNING: [Synth 8-312] ignoring unsynthesizable construct: assertion statement [c:/Users/puertask/Documents/atan_phase_detector_x5/atan_phase_detector_x5.srcs/sources_1/ip/DSP_ref/xbip_dsp48_macro_v3_0/hdl/xbip_dsp48_macro_v3_0_vh_rfs.vhd:845]
WARNING: [Synth 8-312] ignoring unsynthesizable construct: assertion statement [c:/Users/puertask/Documents/atan_phase_detector_x5/atan_phase_detector_x5.srcs/sources_1/ip/DSP_ref/xbip_dsp48_macro_v3_0/hdl/xbip_dsp48_macro_v3_0_vh_rfs.vhd:848]
WARNING: [Synth 8-312] ignoring unsynthesizable construct: assertion statement [c:/Users/puertask/Documents/atan_phase_detector_x5/atan_phase_detector_x5.srcs/sources_1/ip/DSP_ref/xbip_dsp48_macro_v3_0/hdl/xbip_dsp48_macro_v3_0_vh_rfs.vhd:851]
WARNING: [Synth 8-312] ignoring unsynthesizable construct: assertion statement [c:/Users/puertask/Documents/atan_phase_detector_x5/atan_phase_detector_x5.srcs/sources_1/ip/DSP_ref/xbip_dsp48_macro_v3_0/hdl/xbip_dsp48_macro_v3_0_vh_rfs.vhd:854]
INFO: [Synth 8-638] synthesizing module 'xbip_dsp48_macro_synth' [c:/Users/puertask/Documents/atan_phase_detector_x5/atan_phase_detector_x5.srcs/sources_1/ip/DSP_ref/xbip_dsp48_macro_v3_0/hdl/xbip_dsp48_macro_v3_0_vh_rfs.vhd:3223]
WARNING: [Synth 8-312] ignoring unsynthesizable construct: assertion statement [c:/Users/puertask/Documents/atan_phase_detector_x5/atan_phase_detector_x5.srcs/sources_1/ip/DSP_ref/xbip_utils_v3_0/hdl/xbip_utils_v3_0_vh_rfs.vhd:581]
WARNING: [Synth 8-312] ignoring unsynthesizable construct: assertion statement [c:/Users/puertask/Documents/atan_phase_detector_x5/atan_phase_detector_x5.srcs/sources_1/ip/DSP_ref/xbip_utils_v3_0/hdl/xbip_utils_v3_0_vh_rfs.vhd:584]
INFO: [Synth 8-5534] Detected attribute (* rom_style = "distributed" *) [c:/Users/puertask/Documents/atan_phase_detector_x5/atan_phase_detector_x5.srcs/sources_1/ip/DSP_ref/xbip_dsp48_macro_v3_0/hdl/xbip_dsp48_macro_v3_0_vh_rfs.vhd:3392]
INFO: [Synth 8-638] synthesizing module 'xbip_pipe_v3_0_viv' [c:/Users/puertask/Documents/atan_phase_detector_x5/atan_phase_detector_x5.srcs/sources_1/ip/DSP_ref/xbip_pipe_v3_0/hdl/xbip_pipe_v3_0_vh_rfs.vhd:299]
WARNING: [Synth 8-312] ignoring unsynthesizable construct: assertion statement [c:/Users/puertask/Documents/atan_phase_detector_x5/atan_phase_detector_x5.srcs/sources_1/ip/DSP_ref/xbip_utils_v3_0/hdl/xbip_utils_v3_0_vh_rfs.vhd:581]
WARNING: [Synth 8-312] ignoring unsynthesizable construct: assertion statement [c:/Users/puertask/Documents/atan_phase_detector_x5/atan_phase_detector_x5.srcs/sources_1/ip/DSP_ref/xbip_utils_v3_0/hdl/xbip_utils_v3_0_vh_rfs.vhd:584]
INFO: [Synth 8-256] done synthesizing module 'xbip_pipe_v3_0_viv' (1#1) [c:/Users/puertask/Documents/atan_phase_detector_x5/atan_phase_detector_x5.srcs/sources_1/ip/DSP_ref/xbip_pipe_v3_0/hdl/xbip_pipe_v3_0_vh_rfs.vhd:299]
INFO: [Synth 8-638] synthesizing module 'xbip_pipe_v3_0_viv__parameterized0' [c:/Users/puertask/Documents/atan_phase_detector_x5/atan_phase_detector_x5.srcs/sources_1/ip/DSP_ref/xbip_pipe_v3_0/hdl/xbip_pipe_v3_0_vh_rfs.vhd:299]
WARNING: [Synth 8-312] ignoring unsynthesizable construct: assertion statement [c:/Users/puertask/Documents/atan_phase_detector_x5/atan_phase_detector_x5.srcs/sources_1/ip/DSP_ref/xbip_utils_v3_0/hdl/xbip_utils_v3_0_vh_rfs.vhd:581]
WARNING: [Synth 8-312] ignoring unsynthesizable construct: assertion statement [c:/Users/puertask/Documents/atan_phase_detector_x5/atan_phase_detector_x5.srcs/sources_1/ip/DSP_ref/xbip_utils_v3_0/hdl/xbip_utils_v3_0_vh_rfs.vhd:584]
INFO: [Synth 8-256] done synthesizing module 'xbip_pipe_v3_0_viv__parameterized0' (1#1) [c:/Users/puertask/Documents/atan_phase_detector_x5/atan_phase_detector_x5.srcs/sources_1/ip/DSP_ref/xbip_pipe_v3_0/hdl/xbip_pipe_v3_0_vh_rfs.vhd:299]
INFO: [Synth 8-638] synthesizing module 'xbip_pipe_v3_0_viv__parameterized1' [c:/Users/puertask/Documents/atan_phase_detector_x5/atan_phase_detector_x5.srcs/sources_1/ip/DSP_ref/xbip_pipe_v3_0/hdl/xbip_pipe_v3_0_vh_rfs.vhd:299]
WARNING: [Synth 8-312] ignoring unsynthesizable construct: assertion statement [c:/Users/puertask/Documents/atan_phase_detector_x5/atan_phase_detector_x5.srcs/sources_1/ip/DSP_ref/xbip_utils_v3_0/hdl/xbip_utils_v3_0_vh_rfs.vhd:581]
WARNING: [Synth 8-312] ignoring unsynthesizable construct: assertion statement [c:/Users/puertask/Documents/atan_phase_detector_x5/atan_phase_detector_x5.srcs/sources_1/ip/DSP_ref/xbip_utils_v3_0/hdl/xbip_utils_v3_0_vh_rfs.vhd:584]
INFO: [Synth 8-256] done synthesizing module 'xbip_pipe_v3_0_viv__parameterized1' (1#1) [c:/Users/puertask/Documents/atan_phase_detector_x5/atan_phase_detector_x5.srcs/sources_1/ip/DSP_ref/xbip_pipe_v3_0/hdl/xbip_pipe_v3_0_vh_rfs.vhd:299]
INFO: [Synth 8-638] synthesizing module 'xbip_pipe_v3_0_viv__parameterized2' [c:/Users/puertask/Documents/atan_phase_detector_x5/atan_phase_detector_x5.srcs/sources_1/ip/DSP_ref/xbip_pipe_v3_0/hdl/xbip_pipe_v3_0_vh_rfs.vhd:299]
WARNING: [Synth 8-312] ignoring unsynthesizable construct: assertion statement [c:/Users/puertask/Documents/atan_phase_detector_x5/atan_phase_detector_x5.srcs/sources_1/ip/DSP_ref/xbip_utils_v3_0/hdl/xbip_utils_v3_0_vh_rfs.vhd:581]
WARNING: [Synth 8-312] ignoring unsynthesizable construct: assertion statement [c:/Users/puertask/Documents/atan_phase_detector_x5/atan_phase_detector_x5.srcs/sources_1/ip/DSP_ref/xbip_utils_v3_0/hdl/xbip_utils_v3_0_vh_rfs.vhd:584]
INFO: [Synth 8-256] done synthesizing module 'xbip_pipe_v3_0_viv__parameterized2' (1#1) [c:/Users/puertask/Documents/atan_phase_detector_x5/atan_phase_detector_x5.srcs/sources_1/ip/DSP_ref/xbip_pipe_v3_0/hdl/xbip_pipe_v3_0_vh_rfs.vhd:299]
INFO: [Synth 8-638] synthesizing module 'xbip_pipe_v3_0_viv__parameterized3' [c:/Users/puertask/Documents/atan_phase_detector_x5/atan_phase_detector_x5.srcs/sources_1/ip/DSP_ref/xbip_pipe_v3_0/hdl/xbip_pipe_v3_0_vh_rfs.vhd:299]
WARNING: [Synth 8-312] ignoring unsynthesizable construct: assertion statement [c:/Users/puertask/Documents/atan_phase_detector_x5/atan_phase_detector_x5.srcs/sources_1/ip/DSP_ref/xbip_utils_v3_0/hdl/xbip_utils_v3_0_vh_rfs.vhd:581]
WARNING: [Synth 8-312] ignoring unsynthesizable construct: assertion statement [c:/Users/puertask/Documents/atan_phase_detector_x5/atan_phase_detector_x5.srcs/sources_1/ip/DSP_ref/xbip_utils_v3_0/hdl/xbip_utils_v3_0_vh_rfs.vhd:584]
INFO: [Synth 8-256] done synthesizing module 'xbip_pipe_v3_0_viv__parameterized3' (1#1) [c:/Users/puertask/Documents/atan_phase_detector_x5/atan_phase_detector_x5.srcs/sources_1/ip/DSP_ref/xbip_pipe_v3_0/hdl/xbip_pipe_v3_0_vh_rfs.vhd:299]
INFO: [Synth 8-638] synthesizing module 'xbip_pipe_v3_0_viv__parameterized4' [c:/Users/puertask/Documents/atan_phase_detector_x5/atan_phase_detector_x5.srcs/sources_1/ip/DSP_ref/xbip_pipe_v3_0/hdl/xbip_pipe_v3_0_vh_rfs.vhd:299]
WARNING: [Synth 8-312] ignoring unsynthesizable construct: assertion statement [c:/Users/puertask/Documents/atan_phase_detector_x5/atan_phase_detector_x5.srcs/sources_1/ip/DSP_ref/xbip_utils_v3_0/hdl/xbip_utils_v3_0_vh_rfs.vhd:581]
WARNING: [Synth 8-312] ignoring unsynthesizable construct: assertion statement [c:/Users/puertask/Documents/atan_phase_detector_x5/atan_phase_detector_x5.srcs/sources_1/ip/DSP_ref/xbip_utils_v3_0/hdl/xbip_utils_v3_0_vh_rfs.vhd:584]
INFO: [Synth 8-256] done synthesizing module 'xbip_pipe_v3_0_viv__parameterized4' (1#1) [c:/Users/puertask/Documents/atan_phase_detector_x5/atan_phase_detector_x5.srcs/sources_1/ip/DSP_ref/xbip_pipe_v3_0/hdl/xbip_pipe_v3_0_vh_rfs.vhd:299]
INFO: [Synth 8-638] synthesizing module 'xbip_pipe_v3_0_viv__parameterized5' [c:/Users/puertask/Documents/atan_phase_detector_x5/atan_phase_detector_x5.srcs/sources_1/ip/DSP_ref/xbip_pipe_v3_0/hdl/xbip_pipe_v3_0_vh_rfs.vhd:299]
WARNING: [Synth 8-312] ignoring unsynthesizable construct: assertion statement [c:/Users/puertask/Documents/atan_phase_detector_x5/atan_phase_detector_x5.srcs/sources_1/ip/DSP_ref/xbip_utils_v3_0/hdl/xbip_utils_v3_0_vh_rfs.vhd:581]
WARNING: [Synth 8-312] ignoring unsynthesizable construct: assertion statement [c:/Users/puertask/Documents/atan_phase_detector_x5/atan_phase_detector_x5.srcs/sources_1/ip/DSP_ref/xbip_utils_v3_0/hdl/xbip_utils_v3_0_vh_rfs.vhd:584]
INFO: [Synth 8-256] done synthesizing module 'xbip_pipe_v3_0_viv__parameterized5' (1#1) [c:/Users/puertask/Documents/atan_phase_detector_x5/atan_phase_detector_x5.srcs/sources_1/ip/DSP_ref/xbip_pipe_v3_0/hdl/xbip_pipe_v3_0_vh_rfs.vhd:299]
INFO: [Synth 8-638] synthesizing module 'xbip_pipe_v3_0_viv__parameterized6' [c:/Users/puertask/Documents/atan_phase_detector_x5/atan_phase_detector_x5.srcs/sources_1/ip/DSP_ref/xbip_pipe_v3_0/hdl/xbip_pipe_v3_0_vh_rfs.vhd:299]
WARNING: [Synth 8-312] ignoring unsynthesizable construct: assertion statement [c:/Users/puertask/Documents/atan_phase_detector_x5/atan_phase_detector_x5.srcs/sources_1/ip/DSP_ref/xbip_utils_v3_0/hdl/xbip_utils_v3_0_vh_rfs.vhd:581]
WARNING: [Synth 8-312] ignoring unsynthesizable construct: assertion statement [c:/Users/puertask/Documents/atan_phase_detector_x5/atan_phase_detector_x5.srcs/sources_1/ip/DSP_ref/xbip_utils_v3_0/hdl/xbip_utils_v3_0_vh_rfs.vhd:584]
INFO: [Synth 8-256] done synthesizing module 'xbip_pipe_v3_0_viv__parameterized6' (1#1) [c:/Users/puertask/Documents/atan_phase_detector_x5/atan_phase_detector_x5.srcs/sources_1/ip/DSP_ref/xbip_pipe_v3_0/hdl/xbip_pipe_v3_0_vh_rfs.vhd:299]
INFO: [Synth 8-638] synthesizing module 'xbip_pipe_v3_0_viv__parameterized7' [c:/Users/puertask/Documents/atan_phase_detector_x5/atan_phase_detector_x5.srcs/sources_1/ip/DSP_ref/xbip_pipe_v3_0/hdl/xbip_pipe_v3_0_vh_rfs.vhd:299]
WARNING: [Synth 8-312] ignoring unsynthesizable construct: assertion statement [c:/Users/puertask/Documents/atan_phase_detector_x5/atan_phase_detector_x5.srcs/sources_1/ip/DSP_ref/xbip_utils_v3_0/hdl/xbip_utils_v3_0_vh_rfs.vhd:581]
WARNING: [Synth 8-312] ignoring unsynthesizable construct: assertion statement [c:/Users/puertask/Documents/atan_phase_detector_x5/atan_phase_detector_x5.srcs/sources_1/ip/DSP_ref/xbip_utils_v3_0/hdl/xbip_utils_v3_0_vh_rfs.vhd:584]
INFO: [Synth 8-256] done synthesizing module 'xbip_pipe_v3_0_viv__parameterized7' (1#1) [c:/Users/puertask/Documents/atan_phase_detector_x5/atan_phase_detector_x5.srcs/sources_1/ip/DSP_ref/xbip_pipe_v3_0/hdl/xbip_pipe_v3_0_vh_rfs.vhd:299]
INFO: [Synth 8-638] synthesizing module 'xbip_pipe_v3_0_viv__parameterized8' [c:/Users/puertask/Documents/atan_phase_detector_x5/atan_phase_detector_x5.srcs/sources_1/ip/DSP_ref/xbip_pipe_v3_0/hdl/xbip_pipe_v3_0_vh_rfs.vhd:299]
WARNING: [Synth 8-312] ignoring unsynthesizable construct: assertion statement [c:/Users/puertask/Documents/atan_phase_detector_x5/atan_phase_detector_x5.srcs/sources_1/ip/DSP_ref/xbip_utils_v3_0/hdl/xbip_utils_v3_0_vh_rfs.vhd:581]
WARNING: [Synth 8-312] ignoring unsynthesizable construct: assertion statement [c:/Users/puertask/Documents/atan_phase_detector_x5/atan_phase_detector_x5.srcs/sources_1/ip/DSP_ref/xbip_utils_v3_0/hdl/xbip_utils_v3_0_vh_rfs.vhd:584]
INFO: [Synth 8-256] done synthesizing module 'xbip_pipe_v3_0_viv__parameterized8' (1#1) [c:/Users/puertask/Documents/atan_phase_detector_x5/atan_phase_detector_x5.srcs/sources_1/ip/DSP_ref/xbip_pipe_v3_0/hdl/xbip_pipe_v3_0_vh_rfs.vhd:299]
INFO: [Synth 8-638] synthesizing module 'xbip_pipe_v3_0_viv__parameterized9' [c:/Users/puertask/Documents/atan_phase_detector_x5/atan_phase_detector_x5.srcs/sources_1/ip/DSP_ref/xbip_pipe_v3_0/hdl/xbip_pipe_v3_0_vh_rfs.vhd:299]
WARNING: [Synth 8-312] ignoring unsynthesizable construct: assertion statement [c:/Users/puertask/Documents/atan_phase_detector_x5/atan_phase_detector_x5.srcs/sources_1/ip/DSP_ref/xbip_utils_v3_0/hdl/xbip_utils_v3_0_vh_rfs.vhd:581]
WARNING: [Synth 8-312] ignoring unsynthesizable construct: assertion statement [c:/Users/puertask/Documents/atan_phase_detector_x5/atan_phase_detector_x5.srcs/sources_1/ip/DSP_ref/xbip_utils_v3_0/hdl/xbip_utils_v3_0_vh_rfs.vhd:584]
INFO: [Synth 8-256] done synthesizing module 'xbip_pipe_v3_0_viv__parameterized9' (1#1) [c:/Users/puertask/Documents/atan_phase_detector_x5/atan_phase_detector_x5.srcs/sources_1/ip/DSP_ref/xbip_pipe_v3_0/hdl/xbip_pipe_v3_0_vh_rfs.vhd:299]
INFO: [Synth 8-638] synthesizing module 'xbip_dsp48e1_wrapper_v3_0' [c:/Users/puertask/Documents/atan_phase_detector_x5/atan_phase_detector_x5.srcs/sources_1/ip/DSP_ref/xbip_dsp48_wrapper_v3_0/hdl/xbip_dsp48_wrapper_v3_0_vh_rfs.vhd:1649]
WARNING: [Synth 8-312] ignoring unsynthesizable construct: assertion statement [c:/Users/puertask/Documents/atan_phase_detector_x5/atan_phase_detector_x5.srcs/sources_1/ip/DSP_ref/xbip_dsp48_wrapper_v3_0/hdl/xbip_dsp48_wrapper_v3_0_vh_rfs.vhd:1675]
WARNING: [Synth 8-312] ignoring unsynthesizable construct: assertion statement [c:/Users/puertask/Documents/atan_phase_detector_x5/atan_phase_detector_x5.srcs/sources_1/ip/DSP_ref/xbip_dsp48_wrapper_v3_0/hdl/xbip_dsp48_wrapper_v3_0_vh_rfs.vhd:1678]
WARNING: [Synth 8-312] ignoring unsynthesizable construct: assertion statement [c:/Users/puertask/Documents/atan_phase_detector_x5/atan_phase_detector_x5.srcs/sources_1/ip/DSP_ref/xbip_dsp48_wrapper_v3_0/hdl/xbip_dsp48_wrapper_v3_0_vh_rfs.vhd:1681]
WARNING: [Synth 8-312] ignoring unsynthesizable construct: assertion statement [c:/Users/puertask/Documents/atan_phase_detector_x5/atan_phase_detector_x5.srcs/sources_1/ip/DSP_ref/xbip_dsp48_wrapper_v3_0/hdl/xbip_dsp48_wrapper_v3_0_vh_rfs.vhd:1684]
WARNING: [Synth 8-312] ignoring unsynthesizable construct: assertion statement [c:/Users/puertask/Documents/atan_phase_detector_x5/atan_phase_detector_x5.srcs/sources_1/ip/DSP_ref/xbip_dsp48_wrapper_v3_0/hdl/xbip_dsp48_wrapper_v3_0_vh_rfs.vhd:1687]
WARNING: [Synth 8-312] ignoring unsynthesizable construct: assertion statement [c:/Users/puertask/Documents/atan_phase_detector_x5/atan_phase_detector_x5.srcs/sources_1/ip/DSP_ref/xbip_dsp48_wrapper_v3_0/hdl/xbip_dsp48_wrapper_v3_0_vh_rfs.vhd:1690]
WARNING: [Synth 8-312] ignoring unsynthesizable construct: assertion statement [c:/Users/puertask/Documents/atan_phase_detector_x5/atan_phase_detector_x5.srcs/sources_1/ip/DSP_ref/xbip_dsp48_wrapper_v3_0/hdl/xbip_dsp48_wrapper_v3_0_vh_rfs.vhd:1693]
WARNING: [Synth 8-312] ignoring unsynthesizable construct: assertion statement [c:/Users/puertask/Documents/atan_phase_detector_x5/atan_phase_detector_x5.srcs/sources_1/ip/DSP_ref/xbip_dsp48_wrapper_v3_0/hdl/xbip_dsp48_wrapper_v3_0_vh_rfs.vhd:1696]
WARNING: [Synth 8-312] ignoring unsynthesizable construct: assertion statement [c:/Users/puertask/Documents/atan_phase_detector_x5/atan_phase_detector_x5.srcs/sources_1/ip/DSP_ref/xbip_dsp48_wrapper_v3_0/hdl/xbip_dsp48_wrapper_v3_0_vh_rfs.vhd:1699]
WARNING: [Synth 8-312] ignoring unsynthesizable construct: assertion statement [c:/Users/puertask/Documents/atan_phase_detector_x5/atan_phase_detector_x5.srcs/sources_1/ip/DSP_ref/xbip_dsp48_wrapper_v3_0/hdl/xbip_dsp48_wrapper_v3_0_vh_rfs.vhd:1702]
WARNING: [Synth 8-312] ignoring unsynthesizable construct: assertion statement [c:/Users/puertask/Documents/atan_phase_detector_x5/atan_phase_detector_x5.srcs/sources_1/ip/DSP_ref/xbip_dsp48_wrapper_v3_0/hdl/xbip_dsp48_wrapper_v3_0_vh_rfs.vhd:1705]
WARNING: [Synth 8-312] ignoring unsynthesizable construct: assertion statement [c:/Users/puertask/Documents/atan_phase_detector_x5/atan_phase_detector_x5.srcs/sources_1/ip/DSP_ref/xbip_dsp48_wrapper_v3_0/hdl/xbip_dsp48_wrapper_v3_0_vh_rfs.vhd:1708]
WARNING: [Synth 8-312] ignoring unsynthesizable construct: assertion statement [c:/Users/puertask/Documents/atan_phase_detector_x5/atan_phase_detector_x5.srcs/sources_1/ip/DSP_ref/xbip_dsp48_wrapper_v3_0/hdl/xbip_dsp48_wrapper_v3_0_vh_rfs.vhd:1711]
INFO: [Synth 8-113] binding component instance 'i_primitive' to cell 'DSP48E1' [c:/Users/puertask/Documents/atan_phase_detector_x5/atan_phase_detector_x5.srcs/sources_1/ip/DSP_ref/xbip_dsp48_wrapper_v3_0/hdl/xbip_dsp48_wrapper_v3_0_vh_rfs.vhd:1886]
INFO: [Synth 8-256] done synthesizing module 'xbip_dsp48e1_wrapper_v3_0' (2#1) [c:/Users/puertask/Documents/atan_phase_detector_x5/atan_phase_detector_x5.srcs/sources_1/ip/DSP_ref/xbip_dsp48_wrapper_v3_0/hdl/xbip_dsp48_wrapper_v3_0_vh_rfs.vhd:1649]
INFO: [Synth 8-256] done synthesizing module 'xbip_dsp48_macro_synth' (3#1) [c:/Users/puertask/Documents/atan_phase_detector_x5/atan_phase_detector_x5.srcs/sources_1/ip/DSP_ref/xbip_dsp48_macro_v3_0/hdl/xbip_dsp48_macro_v3_0_vh_rfs.vhd:3223]
INFO: [Synth 8-256] done synthesizing module 'xbip_dsp48_macro_v3_0_viv' (4#1) [c:/Users/puertask/Documents/atan_phase_detector_x5/atan_phase_detector_x5.srcs/sources_1/ip/DSP_ref/xbip_dsp48_macro_v3_0/hdl/xbip_dsp48_macro_v3_0_vh_rfs.vhd:4450]
INFO: [Synth 8-256] done synthesizing module 'xbip_dsp48_macro_v3_0' (5#1) [c:/Users/puertask/Documents/atan_phase_detector_x5/atan_phase_detector_x5.srcs/sources_1/ip/DSP_ref/xbip_dsp48_macro_v3_0/hdl/xbip_dsp48_macro_v3_0.vhd:229]
INFO: [Synth 8-256] done synthesizing module 'DSP_ref' (6#1) [c:/Users/puertask/Documents/atan_phase_detector_x5/atan_phase_detector_x5.srcs/sources_1/ip/DSP_ref/synth/DSP_ref.vhd:68]
---------------------------------------------------------------------------------
Finished RTL Elaboration : Time (s): cpu = 00:00:07 ; elapsed = 00:00:08 . Memory (MB): peak = 292.480 ; gain = 110.352
---------------------------------------------------------------------------------

Report Check Netlist: 
+------+------------------+-------+---------+-------+------------------+
|      |Item              |Errors |Warnings |Status |Description       |
+------+------------------+-------+---------+-------+------------------+
|1     |multi_driven_nets |      0|        0|Passed |Multi driven nets |
+------+------------------+-------+---------+-------+------------------+
---------------------------------------------------------------------------------
Finished RTL Optimization Phase 1 : Time (s): cpu = 00:00:07 ; elapsed = 00:00:08 . Memory (MB): peak = 292.480 ; gain = 110.352
---------------------------------------------------------------------------------
INFO: [Netlist 29-17] Analyzing 1 Unisim elements for replacement
INFO: [Netlist 29-28] Unisim Transformation completed in 0 CPU seconds
INFO: [Device 21-403] Loading part xc7k160tffg676-2
INFO: [Project 1-570] Preparing netlist for logic optimization

Processing XDC Constraints
Initializing timing engine
Parsing XDC File [c:/Users/puertask/Documents/atan_phase_detector_x5/atan_phase_detector_x5.srcs/sources_1/ip/DSP_ref/DSP_ref_ooc.xdc] for cell 'U0'
Finished Parsing XDC File [c:/Users/puertask/Documents/atan_phase_detector_x5/atan_phase_detector_x5.srcs/sources_1/ip/DSP_ref/DSP_ref_ooc.xdc] for cell 'U0'
Parsing XDC File [C:/Users/puertask/Documents/atan_phase_detector_x5/atan_phase_detector_x5.runs/DSP_ref_synth_1/dont_touch.xdc]
Finished Parsing XDC File [C:/Users/puertask/Documents/atan_phase_detector_x5/atan_phase_detector_x5.runs/DSP_ref_synth_1/dont_touch.xdc]
Completed Processing XDC Constraints

INFO: [Project 1-111] Unisim Transformation Summary:
No Unisim elements were transformed.

Constraint Validation Runtime : Time (s): cpu = 00:00:00 ; elapsed = 00:00:00.005 . Memory (MB): peak = 527.539 ; gain = 0.000
---------------------------------------------------------------------------------
Finished Constraint Validation : Time (s): cpu = 00:00:13 ; elapsed = 00:00:15 . Memory (MB): peak = 527.539 ; gain = 345.410
---------------------------------------------------------------------------------
---------------------------------------------------------------------------------
Start Loading Part and Timing Information
---------------------------------------------------------------------------------
Loading part: xc7k160tffg676-2
---------------------------------------------------------------------------------
Finished Loading Part and Timing Information : Time (s): cpu = 00:00:13 ; elapsed = 00:00:15 . Memory (MB): peak = 527.539 ; gain = 345.410
---------------------------------------------------------------------------------
---------------------------------------------------------------------------------
Start Applying 'set_property' XDC Constraints
---------------------------------------------------------------------------------
Applied set_property DONT_TOUCH = true for U0. (constraint file  C:/Users/puertask/Documents/atan_phase_detector_x5/atan_phase_detector_x5.runs/DSP_ref_synth_1/dont_touch.xdc, line 9).
---------------------------------------------------------------------------------
Finished applying 'set_property' XDC Constraints : Time (s): cpu = 00:00:13 ; elapsed = 00:00:15 . Memory (MB): peak = 527.539 ; gain = 345.410
---------------------------------------------------------------------------------
---------------------------------------------------------------------------------
Finished RTL Optimization Phase 2 : Time (s): cpu = 00:00:13 ; elapsed = 00:00:15 . Memory (MB): peak = 527.539 ; gain = 345.410
---------------------------------------------------------------------------------

Report RTL Partitions: 
+-+--------------+------------+----------+
| |RTL Partition |Replication |Instances |
+-+--------------+------------+----------+
+-+--------------+------------+----------+
---------------------------------------------------------------------------------
Start RTL Component Statistics 
---------------------------------------------------------------------------------
---------------------------------------------------------------------------------
Finished RTL Component Statistics 
---------------------------------------------------------------------------------
---------------------------------------------------------------------------------
Start RTL Hierarchical Component Statistics 
---------------------------------------------------------------------------------
---------------------------------------------------------------------------------
Finished RTL Hierarchical Component Statistics
---------------------------------------------------------------------------------
---------------------------------------------------------------------------------
Start Part Resource Summary
---------------------------------------------------------------------------------
Part Resources:
DSPs: 600 (col length:100)
BRAMs: 650 (col length: RAMB18 100 RAMB36 50)
---------------------------------------------------------------------------------
Finished Part Resource Summary
---------------------------------------------------------------------------------
Start Parallel Synthesis Optimization  : Time (s): cpu = 00:00:13 ; elapsed = 00:00:15 . Memory (MB): peak = 527.539 ; gain = 345.410
---------------------------------------------------------------------------------
Start Cross Boundary Optimization
---------------------------------------------------------------------------------
---------------------------------------------------------------------------------
Finished Cross Boundary Optimization : Time (s): cpu = 00:00:13 ; elapsed = 00:00:15 . Memory (MB): peak = 527.539 ; gain = 345.410
---------------------------------------------------------------------------------
Finished Parallel Reinference  : Time (s): cpu = 00:00:13 ; elapsed = 00:00:15 . Memory (MB): peak = 527.539 ; gain = 345.410

Report RTL Partitions: 
+-+--------------+------------+----------+
| |RTL Partition |Replication |Instances |
+-+--------------+------------+----------+
+-+--------------+------------+----------+
---------------------------------------------------------------------------------
Start Area Optimization
---------------------------------------------------------------------------------
---------------------------------------------------------------------------------
Finished Area Optimization : Time (s): cpu = 00:00:13 ; elapsed = 00:00:15 . Memory (MB): peak = 527.539 ; gain = 345.410
---------------------------------------------------------------------------------
Finished Parallel Area Optimization  : Time (s): cpu = 00:00:13 ; elapsed = 00:00:15 . Memory (MB): peak = 527.539 ; gain = 345.410

Report RTL Partitions: 
+-+--------------+------------+----------+
| |RTL Partition |Replication |Instances |
+-+--------------+------------+----------+
+-+--------------+------------+----------+
Finished Parallel Synthesis Optimization  : Time (s): cpu = 00:00:13 ; elapsed = 00:00:15 . Memory (MB): peak = 527.539 ; gain = 345.410
---------------------------------------------------------------------------------
Start Timing Optimization
---------------------------------------------------------------------------------
---------------------------------------------------------------------------------
Start Applying XDC Timing Constraints
---------------------------------------------------------------------------------
---------------------------------------------------------------------------------
Finished Applying XDC Timing Constraints : Time (s): cpu = 00:00:27 ; elapsed = 00:00:28 . Memory (MB): peak = 606.273 ; gain = 424.145
---------------------------------------------------------------------------------
---------------------------------------------------------------------------------
Finished Timing Optimization : Time (s): cpu = 00:00:27 ; elapsed = 00:00:28 . Memory (MB): peak = 606.273 ; gain = 424.145
---------------------------------------------------------------------------------

Report RTL Partitions: 
+-+--------------+------------+----------+
| |RTL Partition |Replication |Instances |
+-+--------------+------------+----------+
+-+--------------+------------+----------+
---------------------------------------------------------------------------------
Start Technology Mapping
---------------------------------------------------------------------------------
---------------------------------------------------------------------------------
Finished Technology Mapping : Time (s): cpu = 00:00:27 ; elapsed = 00:00:28 . Memory (MB): peak = 616.816 ; gain = 434.688
---------------------------------------------------------------------------------

Report RTL Partitions: 
+-+--------------+------------+----------+
| |RTL Partition |Replication |Instances |
+-+--------------+------------+----------+
+-+--------------+------------+----------+
---------------------------------------------------------------------------------
Start IO Insertion
---------------------------------------------------------------------------------
---------------------------------------------------------------------------------
Start Final Netlist Cleanup
---------------------------------------------------------------------------------
---------------------------------------------------------------------------------
Finished Final Netlist Cleanup
---------------------------------------------------------------------------------
---------------------------------------------------------------------------------
Finished IO Insertion : Time (s): cpu = 00:00:27 ; elapsed = 00:00:29 . Memory (MB): peak = 616.816 ; gain = 434.688
---------------------------------------------------------------------------------

Report Check Netlist: 
+------+------------------+-------+---------+-------+------------------+
|      |Item              |Errors |Warnings |Status |Description       |
+------+------------------+-------+---------+-------+------------------+
|1     |multi_driven_nets |      0|        0|Passed |Multi driven nets |
+------+------------------+-------+---------+-------+------------------+
---------------------------------------------------------------------------------
Start Renaming Generated Instances
---------------------------------------------------------------------------------
---------------------------------------------------------------------------------
Finished Renaming Generated Instances : Time (s): cpu = 00:00:27 ; elapsed = 00:00:29 . Memory (MB): peak = 616.816 ; gain = 434.688
---------------------------------------------------------------------------------

Report RTL Partitions: 
+-+--------------+------------+----------+
| |RTL Partition |Replication |Instances |
+-+--------------+------------+----------+
+-+--------------+------------+----------+
---------------------------------------------------------------------------------
Start Rebuilding User Hierarchy
---------------------------------------------------------------------------------
---------------------------------------------------------------------------------
Finished Rebuilding User Hierarchy : Time (s): cpu = 00:00:27 ; elapsed = 00:00:29 . Memory (MB): peak = 616.816 ; gain = 434.688
---------------------------------------------------------------------------------
---------------------------------------------------------------------------------
Start Renaming Generated Ports : Time (s): cpu = 00:00:27 ; elapsed = 00:00:29 . Memory (MB): peak = 616.816 ; gain = 434.688
---------------------------------------------------------------------------------
---------------------------------------------------------------------------------
Finished Renaming Generated Ports : Time (s): cpu = 00:00:27 ; elapsed = 00:00:29 . Memory (MB): peak = 616.816 ; gain = 434.688
---------------------------------------------------------------------------------
---------------------------------------------------------------------------------
Start Writing Synthesis Report
---------------------------------------------------------------------------------

Report BlackBoxes: 
+-+--------------+----------+
| |BlackBox name |Instances |
+-+--------------+----------+
+-+--------------+----------+

Report Cell Usage: 
+------+--------+------+
|      |Cell    |Count |
+------+--------+------+
|1     |DSP48E1 |     1|
+------+--------+------+
---------------------------------------------------------------------------------
Finished Writing Synthesis Report : Time (s): cpu = 00:00:27 ; elapsed = 00:00:29 . Memory (MB): peak = 616.816 ; gain = 434.688
---------------------------------------------------------------------------------
Synthesis finished with 0 errors, 0 critical warnings and 0 warnings.
Synthesis Optimization Runtime : Time (s): cpu = 00:00:16 ; elapsed = 00:00:22 . Memory (MB): peak = 616.816 ; gain = 171.730
Synthesis Optimization Complete : Time (s): cpu = 00:00:27 ; elapsed = 00:00:29 . Memory (MB): peak = 616.816 ; gain = 434.688
INFO: [Project 1-571] Translating synthesized netlist
INFO: [Netlist 29-17] Analyzing 1 Unisim elements for replacement
INFO: [Netlist 29-28] Unisim Transformation completed in 0 CPU seconds
INFO: [Project 1-570] Preparing netlist for logic optimization
Parsing XDC File [c:/Users/puertask/Documents/atan_phase_detector_x5/atan_phase_detector_x5.srcs/sources_1/ip/DSP_ref/DSP_ref_ooc.xdc] for cell 'U0'
Finished Parsing XDC File [c:/Users/puertask/Documents/atan_phase_detector_x5/atan_phase_detector_x5.srcs/sources_1/ip/DSP_ref/DSP_ref_ooc.xdc] for cell 'U0'
INFO: [Opt 31-138] Pushed 0 inverter(s) to 0 load pin(s).
INFO: [Project 1-111] Unisim Transformation Summary:
No Unisim elements were transformed.

INFO: [Common 17-83] Releasing license: Synthesis
52 Infos, 52 Warnings, 0 Critical Warnings and 0 Errors encountered.
synth_design completed successfully
synth_design: Time (s): cpu = 00:00:27 ; elapsed = 00:00:28 . Memory (MB): peak = 616.816 ; gain = 406.789
INFO: [Coretcl 2-1174] Renamed 4 cell refs.
report_utilization: Time (s): cpu = 00:00:00 ; elapsed = 00:00:00.042 . Memory (MB): peak = 616.816 ; gain = 0.000
INFO: [Common 17-206] Exiting Vivado at Tue Jan 03 12:06:33 2017...
