
*** Running vivado
    with args -log mult_32_16.vds -m64 -mode batch -messageDb vivado.pb -notrace -source mult_32_16.tcl

WARNING: Default location for XILINX_VIVADO_HLS not found: 

****** Vivado v2015.2 (64-bit)
  **** SW Build 1266856 on Fri Jun 26 16:35:25 MDT 2015
  **** IP Build 1264090 on Wed Jun 24 14:22:01 MDT 2015
    ** Copyright 1986-2015 Xilinx, Inc. All Rights Reserved.

source mult_32_16.tcl -notrace
INFO: [IP_Flow 19-234] Refreshing IP repositories
INFO: [IP_Flow 19-1704] No user IP repositories specified
INFO: [IP_Flow 19-2313] Loaded Vivado IP repository 'C:/Xilinx/Vivado/2015.2/data/ip'.
WARNING: [IP_Flow 19-3664] IP 'mult_32_16' generated file not found 'c:/Users/puertask/Documents/atan_phase_detector_x5/atan_phase_detector_x5.srcs/sources_1/ip/mult_32_16/mult_32_16.dcp'. Please regenerate to continue.
WARNING: [IP_Flow 19-3664] IP 'mult_32_16' generated file not found 'c:/Users/puertask/Documents/atan_phase_detector_x5/atan_phase_detector_x5.srcs/sources_1/ip/mult_32_16/mult_32_16_stub.v'. Please regenerate to continue.
WARNING: [IP_Flow 19-3664] IP 'mult_32_16' generated file not found 'c:/Users/puertask/Documents/atan_phase_detector_x5/atan_phase_detector_x5.srcs/sources_1/ip/mult_32_16/mult_32_16_stub.vhdl'. Please regenerate to continue.
WARNING: [IP_Flow 19-3664] IP 'mult_32_16' generated file not found 'c:/Users/puertask/Documents/atan_phase_detector_x5/atan_phase_detector_x5.srcs/sources_1/ip/mult_32_16/mult_32_16_funcsim.v'. Please regenerate to continue.
WARNING: [IP_Flow 19-3664] IP 'mult_32_16' generated file not found 'c:/Users/puertask/Documents/atan_phase_detector_x5/atan_phase_detector_x5.srcs/sources_1/ip/mult_32_16/mult_32_16_funcsim.vhdl'. Please regenerate to continue.
Command: synth_design -top mult_32_16 -part xc7k160tffg676-2 -mode out_of_context
Starting synth_design
Attempting to get a license for feature 'Synthesis' and/or device 'xc7k160t'
INFO: [Common 17-349] Got license for feature 'Synthesis' and/or device 'xc7k160t'
---------------------------------------------------------------------------------
Starting RTL Elaboration : Time (s): cpu = 00:00:05 ; elapsed = 00:00:05 . Memory (MB): peak = 248.594 ; gain = 66.094
---------------------------------------------------------------------------------
INFO: [Synth 8-638] synthesizing module 'mult_32_16' [c:/Users/puertask/Documents/atan_phase_detector_x5/atan_phase_detector_x5.srcs/sources_1/ip/mult_32_16/synth/mult_32_16.vhd:68]
INFO: [Synth 8-3491] module 'mult_gen_v12_0' declared at 'c:/Users/puertask/Documents/atan_phase_detector_x5/atan_phase_detector_x5.srcs/sources_1/ip/mult_32_16/mult_gen_v12_0/hdl/mult_gen_v12_0.vhd:106' bound to instance 'U0' of component 'mult_gen_v12_0' [c:/Users/puertask/Documents/atan_phase_detector_x5/atan_phase_detector_x5.srcs/sources_1/ip/mult_32_16/synth/mult_32_16.vhd:116]
INFO: [Synth 8-638] synthesizing module 'mult_gen_v12_0' [c:/Users/puertask/Documents/atan_phase_detector_x5/atan_phase_detector_x5.srcs/sources_1/ip/mult_32_16/mult_gen_v12_0/hdl/mult_gen_v12_0.vhd:145]
INFO: [Synth 8-3491] module 'mult_gen_v12_0_viv' declared at 'c:/Users/puertask/Documents/atan_phase_detector_x5/atan_phase_detector_x5.srcs/sources_1/ip/mult_32_16/mult_gen_v12_0/hdl/mult_gen_v12_0_vh_rfs.vhd:20722' bound to instance 'i_mult' of component 'mult_gen_v12_0_viv' [c:/Users/puertask/Documents/atan_phase_detector_x5/atan_phase_detector_x5.srcs/sources_1/ip/mult_32_16/mult_gen_v12_0/hdl/mult_gen_v12_0.vhd:151]
INFO: [Synth 8-638] synthesizing module 'mult_gen_v12_0_viv' [c:/Users/puertask/Documents/atan_phase_detector_x5/atan_phase_detector_x5.srcs/sources_1/ip/mult_32_16/mult_gen_v12_0/hdl/mult_gen_v12_0_vh_rfs.vhd:20771]
WARNING: [Synth 8-312] ignoring unsynthesizable construct: assertion statement [c:/Users/puertask/Documents/atan_phase_detector_x5/atan_phase_detector_x5.srcs/sources_1/ip/mult_32_16/mult_gen_v12_0/hdl/mult_gen_v12_0_vh_rfs.vhd:852]
WARNING: [Synth 8-312] ignoring unsynthesizable construct: assertion statement [c:/Users/puertask/Documents/atan_phase_detector_x5/atan_phase_detector_x5.srcs/sources_1/ip/mult_32_16/mult_gen_v12_0/hdl/mult_gen_v12_0_vh_rfs.vhd:853]
WARNING: [Synth 8-312] ignoring unsynthesizable construct: assertion statement [c:/Users/puertask/Documents/atan_phase_detector_x5/atan_phase_detector_x5.srcs/sources_1/ip/mult_32_16/mult_gen_v12_0/hdl/mult_gen_v12_0_vh_rfs.vhd:860]
WARNING: [Synth 8-312] ignoring unsynthesizable construct: assertion statement [c:/Users/puertask/Documents/atan_phase_detector_x5/atan_phase_detector_x5.srcs/sources_1/ip/mult_32_16/mult_gen_v12_0/hdl/mult_gen_v12_0_vh_rfs.vhd:874]
WARNING: [Synth 8-312] ignoring unsynthesizable construct: assertion statement [c:/Users/puertask/Documents/atan_phase_detector_x5/atan_phase_detector_x5.srcs/sources_1/ip/mult_32_16/mult_gen_v12_0/hdl/mult_gen_v12_0_vh_rfs.vhd:881]
WARNING: [Synth 8-312] ignoring unsynthesizable construct: assertion statement [c:/Users/puertask/Documents/atan_phase_detector_x5/atan_phase_detector_x5.srcs/sources_1/ip/mult_32_16/mult_gen_v12_0/hdl/mult_gen_v12_0_vh_rfs.vhd:891]
WARNING: [Synth 8-312] ignoring unsynthesizable construct: assertion statement [c:/Users/puertask/Documents/atan_phase_detector_x5/atan_phase_detector_x5.srcs/sources_1/ip/mult_32_16/mult_gen_v12_0/hdl/mult_gen_v12_0_vh_rfs.vhd:900]
WARNING: [Synth 8-312] ignoring unsynthesizable construct: assertion statement [c:/Users/puertask/Documents/atan_phase_detector_x5/atan_phase_detector_x5.srcs/sources_1/ip/mult_32_16/mult_gen_v12_0/hdl/mult_gen_v12_0_vh_rfs.vhd:922]
WARNING: [Synth 8-312] ignoring unsynthesizable construct: assertion statement [c:/Users/puertask/Documents/atan_phase_detector_x5/atan_phase_detector_x5.srcs/sources_1/ip/mult_32_16/mult_gen_v12_0/hdl/mult_gen_v12_0_vh_rfs.vhd:935]
INFO: [Synth 8-638] synthesizing module 'luts' [c:/Users/puertask/Documents/atan_phase_detector_x5/atan_phase_detector_x5.srcs/sources_1/ip/mult_32_16/mult_gen_v12_0/hdl/mult_gen_v12_0_vh_rfs.vhd:4688]
WARNING: [Synth 8-312] ignoring unsynthesizable construct: assertion statement [c:/Users/puertask/Documents/atan_phase_detector_x5/atan_phase_detector_x5.srcs/sources_1/ip/mult_32_16/mult_gen_v12_0/hdl/mult_gen_v12_0_vh_rfs.vhd:4899]
WARNING: [Synth 8-312] ignoring unsynthesizable construct: assertion statement [c:/Users/puertask/Documents/atan_phase_detector_x5/atan_phase_detector_x5.srcs/sources_1/ip/mult_32_16/mult_gen_v12_0/hdl/mult_gen_v12_0_vh_rfs.vhd:4899]
WARNING: [Synth 8-312] ignoring unsynthesizable construct: assertion statement [c:/Users/puertask/Documents/atan_phase_detector_x5/atan_phase_detector_x5.srcs/sources_1/ip/mult_32_16/mult_gen_v12_0/hdl/mult_gen_v12_0_vh_rfs.vhd:4899]
WARNING: [Synth 8-312] ignoring unsynthesizable construct: assertion statement [c:/Users/puertask/Documents/atan_phase_detector_x5/atan_phase_detector_x5.srcs/sources_1/ip/mult_32_16/mult_gen_v12_0/hdl/mult_gen_v12_0_vh_rfs.vhd:4899]
WARNING: [Synth 8-312] ignoring unsynthesizable construct: assertion statement [c:/Users/puertask/Documents/atan_phase_detector_x5/atan_phase_detector_x5.srcs/sources_1/ip/mult_32_16/mult_gen_v12_0/hdl/mult_gen_v12_0_vh_rfs.vhd:4899]
WARNING: [Synth 8-312] ignoring unsynthesizable construct: assertion statement [c:/Users/puertask/Documents/atan_phase_detector_x5/atan_phase_detector_x5.srcs/sources_1/ip/mult_32_16/mult_gen_v12_0/hdl/mult_gen_v12_0_vh_rfs.vhd:5120]
WARNING: [Synth 8-312] ignoring unsynthesizable construct: assertion statement [c:/Users/puertask/Documents/atan_phase_detector_x5/atan_phase_detector_x5.srcs/sources_1/ip/mult_32_16/mult_gen_v12_0/hdl/mult_gen_v12_0_vh_rfs.vhd:5171]
WARNING: [Synth 8-312] ignoring unsynthesizable construct: assertion statement [c:/Users/puertask/Documents/atan_phase_detector_x5/atan_phase_detector_x5.srcs/sources_1/ip/mult_32_16/mult_gen_v12_0/hdl/mult_gen_v12_0_vh_rfs.vhd:5172]
WARNING: [Synth 8-312] ignoring unsynthesizable construct: assertion statement [c:/Users/puertask/Documents/atan_phase_detector_x5/atan_phase_detector_x5.srcs/sources_1/ip/mult_32_16/mult_gen_v12_0/hdl/mult_gen_v12_0_vh_rfs.vhd:5173]
WARNING: [Synth 8-312] ignoring unsynthesizable construct: assertion statement [c:/Users/puertask/Documents/atan_phase_detector_x5/atan_phase_detector_x5.srcs/sources_1/ip/mult_32_16/mult_gen_v12_0/hdl/mult_gen_v12_0_vh_rfs.vhd:5174]
WARNING: [Synth 8-312] ignoring unsynthesizable construct: assertion statement [c:/Users/puertask/Documents/atan_phase_detector_x5/atan_phase_detector_x5.srcs/sources_1/ip/mult_32_16/mult_gen_v12_0/hdl/mult_gen_v12_0_vh_rfs.vhd:5175]
INFO: [Synth 8-638] synthesizing module 'op_resize' [c:/Users/puertask/Documents/atan_phase_detector_x5/atan_phase_detector_x5.srcs/sources_1/ip/mult_32_16/mult_gen_v12_0/hdl/mult_gen_v12_0_vh_rfs.vhd:4018]
INFO: [Synth 8-256] done synthesizing module 'op_resize' (1#1) [c:/Users/puertask/Documents/atan_phase_detector_x5/atan_phase_detector_x5.srcs/sources_1/ip/mult_32_16/mult_gen_v12_0/hdl/mult_gen_v12_0_vh_rfs.vhd:4018]
INFO: [Synth 8-113] binding component instance 'ma0' to cell 'MULT_AND' [c:/Users/puertask/Documents/atan_phase_detector_x5/atan_phase_detector_x5.srcs/sources_1/ip/mult_32_16/mult_gen_v12_0/hdl/mult_gen_v12_0_vh_rfs.vhd:5306]
INFO: [Synth 8-113] binding component instance 'muxcy00' to cell 'MUXCY' [c:/Users/puertask/Documents/atan_phase_detector_x5/atan_phase_detector_x5.srcs/sources_1/ip/mult_32_16/mult_gen_v12_0/hdl/mult_gen_v12_0_vh_rfs.vhd:5311]
INFO: [Synth 8-113] binding component instance 'xorcy0' to cell 'XORCY' [c:/Users/puertask/Documents/atan_phase_detector_x5/atan_phase_detector_x5.srcs/sources_1/ip/mult_32_16/mult_gen_v12_0/hdl/mult_gen_v12_0_vh_rfs.vhd:5317]
INFO: [Synth 8-113] binding component instance 'ma0' to cell 'MULT_AND' [c:/Users/puertask/Documents/atan_phase_detector_x5/atan_phase_detector_x5.srcs/sources_1/ip/mult_32_16/mult_gen_v12_0/hdl/mult_gen_v12_0_vh_rfs.vhd:5327]
INFO: [Synth 8-113] binding component instance 'muxcy0' to cell 'MUXCY' [c:/Users/puertask/Documents/atan_phase_detector_x5/atan_phase_detector_x5.srcs/sources_1/ip/mult_32_16/mult_gen_v12_0/hdl/mult_gen_v12_0_vh_rfs.vhd:5332]
INFO: [Synth 8-113] binding component instance 'xorcy0' to cell 'XORCY' [c:/Users/puertask/Documents/atan_phase_detector_x5/atan_phase_detector_x5.srcs/sources_1/ip/mult_32_16/mult_gen_v12_0/hdl/mult_gen_v12_0_vh_rfs.vhd:5338]
INFO: [Synth 8-113] binding component instance 'ma0' to cell 'MULT_AND' [c:/Users/puertask/Documents/atan_phase_detector_x5/atan_phase_detector_x5.srcs/sources_1/ip/mult_32_16/mult_gen_v12_0/hdl/mult_gen_v12_0_vh_rfs.vhd:5327]
INFO: [Synth 8-113] binding component instance 'muxcy0' to cell 'MUXCY' [c:/Users/puertask/Documents/atan_phase_detector_x5/atan_phase_detector_x5.srcs/sources_1/ip/mult_32_16/mult_gen_v12_0/hdl/mult_gen_v12_0_vh_rfs.vhd:5332]
INFO: [Synth 8-113] binding component instance 'xorcy0' to cell 'XORCY' [c:/Users/puertask/Documents/atan_phase_detector_x5/atan_phase_detector_x5.srcs/sources_1/ip/mult_32_16/mult_gen_v12_0/hdl/mult_gen_v12_0_vh_rfs.vhd:5338]
INFO: [Synth 8-113] binding component instance 'ma0' to cell 'MULT_AND' [c:/Users/puertask/Documents/atan_phase_detector_x5/atan_phase_detector_x5.srcs/sources_1/ip/mult_32_16/mult_gen_v12_0/hdl/mult_gen_v12_0_vh_rfs.vhd:5327]
INFO: [Synth 8-113] binding component instance 'muxcy0' to cell 'MUXCY' [c:/Users/puertask/Documents/atan_phase_detector_x5/atan_phase_detector_x5.srcs/sources_1/ip/mult_32_16/mult_gen_v12_0/hdl/mult_gen_v12_0_vh_rfs.vhd:5332]
INFO: [Synth 8-113] binding component instance 'xorcy0' to cell 'XORCY' [c:/Users/puertask/Documents/atan_phase_detector_x5/atan_phase_detector_x5.srcs/sources_1/ip/mult_32_16/mult_gen_v12_0/hdl/mult_gen_v12_0_vh_rfs.vhd:5338]
INFO: [Synth 8-113] binding component instance 'ma0' to cell 'MULT_AND' [c:/Users/puertask/Documents/atan_phase_detector_x5/atan_phase_detector_x5.srcs/sources_1/ip/mult_32_16/mult_gen_v12_0/hdl/mult_gen_v12_0_vh_rfs.vhd:5327]
INFO: [Synth 8-113] binding component instance 'muxcy0' to cell 'MUXCY' [c:/Users/puertask/Documents/atan_phase_detector_x5/atan_phase_detector_x5.srcs/sources_1/ip/mult_32_16/mult_gen_v12_0/hdl/mult_gen_v12_0_vh_rfs.vhd:5332]
INFO: [Synth 8-113] binding component instance 'xorcy0' to cell 'XORCY' [c:/Users/puertask/Documents/atan_phase_detector_x5/atan_phase_detector_x5.srcs/sources_1/ip/mult_32_16/mult_gen_v12_0/hdl/mult_gen_v12_0_vh_rfs.vhd:5338]
INFO: [Synth 8-113] binding component instance 'ma0' to cell 'MULT_AND' [c:/Users/puertask/Documents/atan_phase_detector_x5/atan_phase_detector_x5.srcs/sources_1/ip/mult_32_16/mult_gen_v12_0/hdl/mult_gen_v12_0_vh_rfs.vhd:5327]
INFO: [Synth 8-113] binding component instance 'muxcy0' to cell 'MUXCY' [c:/Users/puertask/Documents/atan_phase_detector_x5/atan_phase_detector_x5.srcs/sources_1/ip/mult_32_16/mult_gen_v12_0/hdl/mult_gen_v12_0_vh_rfs.vhd:5332]
INFO: [Synth 8-113] binding component instance 'xorcy0' to cell 'XORCY' [c:/Users/puertask/Documents/atan_phase_detector_x5/atan_phase_detector_x5.srcs/sources_1/ip/mult_32_16/mult_gen_v12_0/hdl/mult_gen_v12_0_vh_rfs.vhd:5338]
INFO: [Synth 8-113] binding component instance 'ma0' to cell 'MULT_AND' [c:/Users/puertask/Documents/atan_phase_detector_x5/atan_phase_detector_x5.srcs/sources_1/ip/mult_32_16/mult_gen_v12_0/hdl/mult_gen_v12_0_vh_rfs.vhd:5327]
INFO: [Synth 8-113] binding component instance 'muxcy0' to cell 'MUXCY' [c:/Users/puertask/Documents/atan_phase_detector_x5/atan_phase_detector_x5.srcs/sources_1/ip/mult_32_16/mult_gen_v12_0/hdl/mult_gen_v12_0_vh_rfs.vhd:5332]
INFO: [Synth 8-113] binding component instance 'xorcy0' to cell 'XORCY' [c:/Users/puertask/Documents/atan_phase_detector_x5/atan_phase_detector_x5.srcs/sources_1/ip/mult_32_16/mult_gen_v12_0/hdl/mult_gen_v12_0_vh_rfs.vhd:5338]
INFO: [Synth 8-113] binding component instance 'ma0' to cell 'MULT_AND' [c:/Users/puertask/Documents/atan_phase_detector_x5/atan_phase_detector_x5.srcs/sources_1/ip/mult_32_16/mult_gen_v12_0/hdl/mult_gen_v12_0_vh_rfs.vhd:5327]
INFO: [Synth 8-113] binding component instance 'muxcy0' to cell 'MUXCY' [c:/Users/puertask/Documents/atan_phase_detector_x5/atan_phase_detector_x5.srcs/sources_1/ip/mult_32_16/mult_gen_v12_0/hdl/mult_gen_v12_0_vh_rfs.vhd:5332]
INFO: [Synth 8-113] binding component instance 'xorcy0' to cell 'XORCY' [c:/Users/puertask/Documents/atan_phase_detector_x5/atan_phase_detector_x5.srcs/sources_1/ip/mult_32_16/mult_gen_v12_0/hdl/mult_gen_v12_0_vh_rfs.vhd:5338]
INFO: [Synth 8-113] binding component instance 'ma0' to cell 'MULT_AND' [c:/Users/puertask/Documents/atan_phase_detector_x5/atan_phase_detector_x5.srcs/sources_1/ip/mult_32_16/mult_gen_v12_0/hdl/mult_gen_v12_0_vh_rfs.vhd:5327]
INFO: [Synth 8-113] binding component instance 'muxcy0' to cell 'MUXCY' [c:/Users/puertask/Documents/atan_phase_detector_x5/atan_phase_detector_x5.srcs/sources_1/ip/mult_32_16/mult_gen_v12_0/hdl/mult_gen_v12_0_vh_rfs.vhd:5332]
INFO: [Synth 8-113] binding component instance 'xorcy0' to cell 'XORCY' [c:/Users/puertask/Documents/atan_phase_detector_x5/atan_phase_detector_x5.srcs/sources_1/ip/mult_32_16/mult_gen_v12_0/hdl/mult_gen_v12_0_vh_rfs.vhd:5338]
INFO: [Synth 8-113] binding component instance 'ma0' to cell 'MULT_AND' [c:/Users/puertask/Documents/atan_phase_detector_x5/atan_phase_detector_x5.srcs/sources_1/ip/mult_32_16/mult_gen_v12_0/hdl/mult_gen_v12_0_vh_rfs.vhd:5327]
INFO: [Synth 8-113] binding component instance 'muxcy0' to cell 'MUXCY' [c:/Users/puertask/Documents/atan_phase_detector_x5/atan_phase_detector_x5.srcs/sources_1/ip/mult_32_16/mult_gen_v12_0/hdl/mult_gen_v12_0_vh_rfs.vhd:5332]
INFO: [Synth 8-113] binding component instance 'xorcy0' to cell 'XORCY' [c:/Users/puertask/Documents/atan_phase_detector_x5/atan_phase_detector_x5.srcs/sources_1/ip/mult_32_16/mult_gen_v12_0/hdl/mult_gen_v12_0_vh_rfs.vhd:5338]
INFO: [Synth 8-113] binding component instance 'ma0' to cell 'MULT_AND' [c:/Users/puertask/Documents/atan_phase_detector_x5/atan_phase_detector_x5.srcs/sources_1/ip/mult_32_16/mult_gen_v12_0/hdl/mult_gen_v12_0_vh_rfs.vhd:5327]
INFO: [Synth 8-113] binding component instance 'muxcy0' to cell 'MUXCY' [c:/Users/puertask/Documents/atan_phase_detector_x5/atan_phase_detector_x5.srcs/sources_1/ip/mult_32_16/mult_gen_v12_0/hdl/mult_gen_v12_0_vh_rfs.vhd:5332]
INFO: [Synth 8-113] binding component instance 'xorcy0' to cell 'XORCY' [c:/Users/puertask/Documents/atan_phase_detector_x5/atan_phase_detector_x5.srcs/sources_1/ip/mult_32_16/mult_gen_v12_0/hdl/mult_gen_v12_0_vh_rfs.vhd:5338]
INFO: [Synth 8-113] binding component instance 'ma0' to cell 'MULT_AND' [c:/Users/puertask/Documents/atan_phase_detector_x5/atan_phase_detector_x5.srcs/sources_1/ip/mult_32_16/mult_gen_v12_0/hdl/mult_gen_v12_0_vh_rfs.vhd:5327]
INFO: [Synth 8-113] binding component instance 'muxcy0' to cell 'MUXCY' [c:/Users/puertask/Documents/atan_phase_detector_x5/atan_phase_detector_x5.srcs/sources_1/ip/mult_32_16/mult_gen_v12_0/hdl/mult_gen_v12_0_vh_rfs.vhd:5332]
INFO: [Synth 8-113] binding component instance 'xorcy0' to cell 'XORCY' [c:/Users/puertask/Documents/atan_phase_detector_x5/atan_phase_detector_x5.srcs/sources_1/ip/mult_32_16/mult_gen_v12_0/hdl/mult_gen_v12_0_vh_rfs.vhd:5338]
INFO: [Synth 8-113] binding component instance 'ma0' to cell 'MULT_AND' [c:/Users/puertask/Documents/atan_phase_detector_x5/atan_phase_detector_x5.srcs/sources_1/ip/mult_32_16/mult_gen_v12_0/hdl/mult_gen_v12_0_vh_rfs.vhd:5327]
INFO: [Synth 8-113] binding component instance 'muxcy0' to cell 'MUXCY' [c:/Users/puertask/Documents/atan_phase_detector_x5/atan_phase_detector_x5.srcs/sources_1/ip/mult_32_16/mult_gen_v12_0/hdl/mult_gen_v12_0_vh_rfs.vhd:5332]
INFO: [Synth 8-113] binding component instance 'xorcy0' to cell 'XORCY' [c:/Users/puertask/Documents/atan_phase_detector_x5/atan_phase_detector_x5.srcs/sources_1/ip/mult_32_16/mult_gen_v12_0/hdl/mult_gen_v12_0_vh_rfs.vhd:5338]
INFO: [Synth 8-113] binding component instance 'ma0' to cell 'MULT_AND' [c:/Users/puertask/Documents/atan_phase_detector_x5/atan_phase_detector_x5.srcs/sources_1/ip/mult_32_16/mult_gen_v12_0/hdl/mult_gen_v12_0_vh_rfs.vhd:5327]
INFO: [Synth 8-113] binding component instance 'muxcy0' to cell 'MUXCY' [c:/Users/puertask/Documents/atan_phase_detector_x5/atan_phase_detector_x5.srcs/sources_1/ip/mult_32_16/mult_gen_v12_0/hdl/mult_gen_v12_0_vh_rfs.vhd:5332]
INFO: [Synth 8-113] binding component instance 'xorcy0' to cell 'XORCY' [c:/Users/puertask/Documents/atan_phase_detector_x5/atan_phase_detector_x5.srcs/sources_1/ip/mult_32_16/mult_gen_v12_0/hdl/mult_gen_v12_0_vh_rfs.vhd:5338]
INFO: [Synth 8-113] binding component instance 'ma0' to cell 'MULT_AND' [c:/Users/puertask/Documents/atan_phase_detector_x5/atan_phase_detector_x5.srcs/sources_1/ip/mult_32_16/mult_gen_v12_0/hdl/mult_gen_v12_0_vh_rfs.vhd:5327]
INFO: [Synth 8-113] binding component instance 'muxcy0' to cell 'MUXCY' [c:/Users/puertask/Documents/atan_phase_detector_x5/atan_phase_detector_x5.srcs/sources_1/ip/mult_32_16/mult_gen_v12_0/hdl/mult_gen_v12_0_vh_rfs.vhd:5332]
INFO: [Synth 8-113] binding component instance 'xorcy0' to cell 'XORCY' [c:/Users/puertask/Documents/atan_phase_detector_x5/atan_phase_detector_x5.srcs/sources_1/ip/mult_32_16/mult_gen_v12_0/hdl/mult_gen_v12_0_vh_rfs.vhd:5338]
INFO: [Synth 8-113] binding component instance 'ma0' to cell 'MULT_AND' [c:/Users/puertask/Documents/atan_phase_detector_x5/atan_phase_detector_x5.srcs/sources_1/ip/mult_32_16/mult_gen_v12_0/hdl/mult_gen_v12_0_vh_rfs.vhd:5327]
INFO: [Synth 8-113] binding component instance 'muxcy0' to cell 'MUXCY' [c:/Users/puertask/Documents/atan_phase_detector_x5/atan_phase_detector_x5.srcs/sources_1/ip/mult_32_16/mult_gen_v12_0/hdl/mult_gen_v12_0_vh_rfs.vhd:5332]
INFO: [Synth 8-113] binding component instance 'xorcy0' to cell 'XORCY' [c:/Users/puertask/Documents/atan_phase_detector_x5/atan_phase_detector_x5.srcs/sources_1/ip/mult_32_16/mult_gen_v12_0/hdl/mult_gen_v12_0_vh_rfs.vhd:5338]
INFO: [Synth 8-113] binding component instance 'ma0' to cell 'MULT_AND' [c:/Users/puertask/Documents/atan_phase_detector_x5/atan_phase_detector_x5.srcs/sources_1/ip/mult_32_16/mult_gen_v12_0/hdl/mult_gen_v12_0_vh_rfs.vhd:5327]
INFO: [Synth 8-113] binding component instance 'muxcy0' to cell 'MUXCY' [c:/Users/puertask/Documents/atan_phase_detector_x5/atan_phase_detector_x5.srcs/sources_1/ip/mult_32_16/mult_gen_v12_0/hdl/mult_gen_v12_0_vh_rfs.vhd:5332]
INFO: [Synth 8-113] binding component instance 'xorcy0' to cell 'XORCY' [c:/Users/puertask/Documents/atan_phase_detector_x5/atan_phase_detector_x5.srcs/sources_1/ip/mult_32_16/mult_gen_v12_0/hdl/mult_gen_v12_0_vh_rfs.vhd:5338]
INFO: [Synth 8-113] binding component instance 'ma0' to cell 'MULT_AND' [c:/Users/puertask/Documents/atan_phase_detector_x5/atan_phase_detector_x5.srcs/sources_1/ip/mult_32_16/mult_gen_v12_0/hdl/mult_gen_v12_0_vh_rfs.vhd:5327]
INFO: [Synth 8-113] binding component instance 'muxcy0' to cell 'MUXCY' [c:/Users/puertask/Documents/atan_phase_detector_x5/atan_phase_detector_x5.srcs/sources_1/ip/mult_32_16/mult_gen_v12_0/hdl/mult_gen_v12_0_vh_rfs.vhd:5332]
INFO: [Synth 8-113] binding component instance 'xorcy0' to cell 'XORCY' [c:/Users/puertask/Documents/atan_phase_detector_x5/atan_phase_detector_x5.srcs/sources_1/ip/mult_32_16/mult_gen_v12_0/hdl/mult_gen_v12_0_vh_rfs.vhd:5338]
INFO: [Synth 8-113] binding component instance 'ma0' to cell 'MULT_AND' [c:/Users/puertask/Documents/atan_phase_detector_x5/atan_phase_detector_x5.srcs/sources_1/ip/mult_32_16/mult_gen_v12_0/hdl/mult_gen_v12_0_vh_rfs.vhd:5327]
INFO: [Synth 8-113] binding component instance 'muxcy0' to cell 'MUXCY' [c:/Users/puertask/Documents/atan_phase_detector_x5/atan_phase_detector_x5.srcs/sources_1/ip/mult_32_16/mult_gen_v12_0/hdl/mult_gen_v12_0_vh_rfs.vhd:5332]
INFO: [Synth 8-113] binding component instance 'xorcy0' to cell 'XORCY' [c:/Users/puertask/Documents/atan_phase_detector_x5/atan_phase_detector_x5.srcs/sources_1/ip/mult_32_16/mult_gen_v12_0/hdl/mult_gen_v12_0_vh_rfs.vhd:5338]
INFO: [Synth 8-113] binding component instance 'ma0' to cell 'MULT_AND' [c:/Users/puertask/Documents/atan_phase_detector_x5/atan_phase_detector_x5.srcs/sources_1/ip/mult_32_16/mult_gen_v12_0/hdl/mult_gen_v12_0_vh_rfs.vhd:5327]
INFO: [Synth 8-113] binding component instance 'muxcy0' to cell 'MUXCY' [c:/Users/puertask/Documents/atan_phase_detector_x5/atan_phase_detector_x5.srcs/sources_1/ip/mult_32_16/mult_gen_v12_0/hdl/mult_gen_v12_0_vh_rfs.vhd:5332]
INFO: [Synth 8-113] binding component instance 'xorcy0' to cell 'XORCY' [c:/Users/puertask/Documents/atan_phase_detector_x5/atan_phase_detector_x5.srcs/sources_1/ip/mult_32_16/mult_gen_v12_0/hdl/mult_gen_v12_0_vh_rfs.vhd:5338]
INFO: [Synth 8-113] binding component instance 'ma0' to cell 'MULT_AND' [c:/Users/puertask/Documents/atan_phase_detector_x5/atan_phase_detector_x5.srcs/sources_1/ip/mult_32_16/mult_gen_v12_0/hdl/mult_gen_v12_0_vh_rfs.vhd:5327]
INFO: [Synth 8-113] binding component instance 'muxcy0' to cell 'MUXCY' [c:/Users/puertask/Documents/atan_phase_detector_x5/atan_phase_detector_x5.srcs/sources_1/ip/mult_32_16/mult_gen_v12_0/hdl/mult_gen_v12_0_vh_rfs.vhd:5332]
INFO: [Synth 8-113] binding component instance 'xorcy0' to cell 'XORCY' [c:/Users/puertask/Documents/atan_phase_detector_x5/atan_phase_detector_x5.srcs/sources_1/ip/mult_32_16/mult_gen_v12_0/hdl/mult_gen_v12_0_vh_rfs.vhd:5338]
INFO: [Synth 8-113] binding component instance 'ma0' to cell 'MULT_AND' [c:/Users/puertask/Documents/atan_phase_detector_x5/atan_phase_detector_x5.srcs/sources_1/ip/mult_32_16/mult_gen_v12_0/hdl/mult_gen_v12_0_vh_rfs.vhd:5327]
INFO: [Synth 8-113] binding component instance 'muxcy0' to cell 'MUXCY' [c:/Users/puertask/Documents/atan_phase_detector_x5/atan_phase_detector_x5.srcs/sources_1/ip/mult_32_16/mult_gen_v12_0/hdl/mult_gen_v12_0_vh_rfs.vhd:5332]
INFO: [Synth 8-113] binding component instance 'xorcy0' to cell 'XORCY' [c:/Users/puertask/Documents/atan_phase_detector_x5/atan_phase_detector_x5.srcs/sources_1/ip/mult_32_16/mult_gen_v12_0/hdl/mult_gen_v12_0_vh_rfs.vhd:5338]
INFO: [Synth 8-113] binding component instance 'ma0' to cell 'MULT_AND' [c:/Users/puertask/Documents/atan_phase_detector_x5/atan_phase_detector_x5.srcs/sources_1/ip/mult_32_16/mult_gen_v12_0/hdl/mult_gen_v12_0_vh_rfs.vhd:5327]
INFO: [Synth 8-113] binding component instance 'muxcy0' to cell 'MUXCY' [c:/Users/puertask/Documents/atan_phase_detector_x5/atan_phase_detector_x5.srcs/sources_1/ip/mult_32_16/mult_gen_v12_0/hdl/mult_gen_v12_0_vh_rfs.vhd:5332]
INFO: [Synth 8-113] binding component instance 'xorcy0' to cell 'XORCY' [c:/Users/puertask/Documents/atan_phase_detector_x5/atan_phase_detector_x5.srcs/sources_1/ip/mult_32_16/mult_gen_v12_0/hdl/mult_gen_v12_0_vh_rfs.vhd:5338]
INFO: [Synth 8-113] binding component instance 'ma0' to cell 'MULT_AND' [c:/Users/puertask/Documents/atan_phase_detector_x5/atan_phase_detector_x5.srcs/sources_1/ip/mult_32_16/mult_gen_v12_0/hdl/mult_gen_v12_0_vh_rfs.vhd:5327]
INFO: [Synth 8-113] binding component instance 'muxcy0' to cell 'MUXCY' [c:/Users/puertask/Documents/atan_phase_detector_x5/atan_phase_detector_x5.srcs/sources_1/ip/mult_32_16/mult_gen_v12_0/hdl/mult_gen_v12_0_vh_rfs.vhd:5332]
INFO: [Synth 8-113] binding component instance 'xorcy0' to cell 'XORCY' [c:/Users/puertask/Documents/atan_phase_detector_x5/atan_phase_detector_x5.srcs/sources_1/ip/mult_32_16/mult_gen_v12_0/hdl/mult_gen_v12_0_vh_rfs.vhd:5338]
INFO: [Synth 8-113] binding component instance 'ma0' to cell 'MULT_AND' [c:/Users/puertask/Documents/atan_phase_detector_x5/atan_phase_detector_x5.srcs/sources_1/ip/mult_32_16/mult_gen_v12_0/hdl/mult_gen_v12_0_vh_rfs.vhd:5327]
INFO: [Synth 8-113] binding component instance 'muxcy0' to cell 'MUXCY' [c:/Users/puertask/Documents/atan_phase_detector_x5/atan_phase_detector_x5.srcs/sources_1/ip/mult_32_16/mult_gen_v12_0/hdl/mult_gen_v12_0_vh_rfs.vhd:5332]
INFO: [Synth 8-113] binding component instance 'xorcy0' to cell 'XORCY' [c:/Users/puertask/Documents/atan_phase_detector_x5/atan_phase_detector_x5.srcs/sources_1/ip/mult_32_16/mult_gen_v12_0/hdl/mult_gen_v12_0_vh_rfs.vhd:5338]
INFO: [Synth 8-113] binding component instance 'ma0' to cell 'MULT_AND' [c:/Users/puertask/Documents/atan_phase_detector_x5/atan_phase_detector_x5.srcs/sources_1/ip/mult_32_16/mult_gen_v12_0/hdl/mult_gen_v12_0_vh_rfs.vhd:5327]
INFO: [Synth 8-113] binding component instance 'muxcy0' to cell 'MUXCY' [c:/Users/puertask/Documents/atan_phase_detector_x5/atan_phase_detector_x5.srcs/sources_1/ip/mult_32_16/mult_gen_v12_0/hdl/mult_gen_v12_0_vh_rfs.vhd:5332]
INFO: [Synth 8-113] binding component instance 'xorcy0' to cell 'XORCY' [c:/Users/puertask/Documents/atan_phase_detector_x5/atan_phase_detector_x5.srcs/sources_1/ip/mult_32_16/mult_gen_v12_0/hdl/mult_gen_v12_0_vh_rfs.vhd:5338]
INFO: [Synth 8-113] binding component instance 'ma0' to cell 'MULT_AND' [c:/Users/puertask/Documents/atan_phase_detector_x5/atan_phase_detector_x5.srcs/sources_1/ip/mult_32_16/mult_gen_v12_0/hdl/mult_gen_v12_0_vh_rfs.vhd:5327]
INFO: [Synth 8-113] binding component instance 'muxcy0' to cell 'MUXCY' [c:/Users/puertask/Documents/atan_phase_detector_x5/atan_phase_detector_x5.srcs/sources_1/ip/mult_32_16/mult_gen_v12_0/hdl/mult_gen_v12_0_vh_rfs.vhd:5332]
INFO: [Synth 8-113] binding component instance 'xorcy0' to cell 'XORCY' [c:/Users/puertask/Documents/atan_phase_detector_x5/atan_phase_detector_x5.srcs/sources_1/ip/mult_32_16/mult_gen_v12_0/hdl/mult_gen_v12_0_vh_rfs.vhd:5338]
INFO: [Synth 8-113] binding component instance 'ma0' to cell 'MULT_AND' [c:/Users/puertask/Documents/atan_phase_detector_x5/atan_phase_detector_x5.srcs/sources_1/ip/mult_32_16/mult_gen_v12_0/hdl/mult_gen_v12_0_vh_rfs.vhd:5327]
INFO: [Synth 8-113] binding component instance 'muxcy0' to cell 'MUXCY' [c:/Users/puertask/Documents/atan_phase_detector_x5/atan_phase_detector_x5.srcs/sources_1/ip/mult_32_16/mult_gen_v12_0/hdl/mult_gen_v12_0_vh_rfs.vhd:5332]
INFO: [Synth 8-113] binding component instance 'xorcy0' to cell 'XORCY' [c:/Users/puertask/Documents/atan_phase_detector_x5/atan_phase_detector_x5.srcs/sources_1/ip/mult_32_16/mult_gen_v12_0/hdl/mult_gen_v12_0_vh_rfs.vhd:5338]
INFO: [Synth 8-113] binding component instance 'ma0' to cell 'MULT_AND' [c:/Users/puertask/Documents/atan_phase_detector_x5/atan_phase_detector_x5.srcs/sources_1/ip/mult_32_16/mult_gen_v12_0/hdl/mult_gen_v12_0_vh_rfs.vhd:5327]
INFO: [Synth 8-113] binding component instance 'muxcy0' to cell 'MUXCY' [c:/Users/puertask/Documents/atan_phase_detector_x5/atan_phase_detector_x5.srcs/sources_1/ip/mult_32_16/mult_gen_v12_0/hdl/mult_gen_v12_0_vh_rfs.vhd:5332]
INFO: [Synth 8-113] binding component instance 'xorcy0' to cell 'XORCY' [c:/Users/puertask/Documents/atan_phase_detector_x5/atan_phase_detector_x5.srcs/sources_1/ip/mult_32_16/mult_gen_v12_0/hdl/mult_gen_v12_0_vh_rfs.vhd:5338]
INFO: [Synth 8-113] binding component instance 'ma0' to cell 'MULT_AND' [c:/Users/puertask/Documents/atan_phase_detector_x5/atan_phase_detector_x5.srcs/sources_1/ip/mult_32_16/mult_gen_v12_0/hdl/mult_gen_v12_0_vh_rfs.vhd:5327]
INFO: [Synth 8-113] binding component instance 'muxcy0' to cell 'MUXCY' [c:/Users/puertask/Documents/atan_phase_detector_x5/atan_phase_detector_x5.srcs/sources_1/ip/mult_32_16/mult_gen_v12_0/hdl/mult_gen_v12_0_vh_rfs.vhd:5332]
INFO: [Synth 8-113] binding component instance 'xorcy0' to cell 'XORCY' [c:/Users/puertask/Documents/atan_phase_detector_x5/atan_phase_detector_x5.srcs/sources_1/ip/mult_32_16/mult_gen_v12_0/hdl/mult_gen_v12_0_vh_rfs.vhd:5338]
INFO: [Synth 8-113] binding component instance 'ma0' to cell 'MULT_AND' [c:/Users/puertask/Documents/atan_phase_detector_x5/atan_phase_detector_x5.srcs/sources_1/ip/mult_32_16/mult_gen_v12_0/hdl/mult_gen_v12_0_vh_rfs.vhd:5327]
INFO: [Synth 8-113] binding component instance 'muxcy0' to cell 'MUXCY' [c:/Users/puertask/Documents/atan_phase_detector_x5/atan_phase_detector_x5.srcs/sources_1/ip/mult_32_16/mult_gen_v12_0/hdl/mult_gen_v12_0_vh_rfs.vhd:5332]
INFO: [Synth 8-113] binding component instance 'xorcy0' to cell 'XORCY' [c:/Users/puertask/Documents/atan_phase_detector_x5/atan_phase_detector_x5.srcs/sources_1/ip/mult_32_16/mult_gen_v12_0/hdl/mult_gen_v12_0_vh_rfs.vhd:5338]
INFO: [Synth 8-113] binding component instance 'ma0' to cell 'MULT_AND' [c:/Users/puertask/Documents/atan_phase_detector_x5/atan_phase_detector_x5.srcs/sources_1/ip/mult_32_16/mult_gen_v12_0/hdl/mult_gen_v12_0_vh_rfs.vhd:5327]
INFO: [Synth 8-113] binding component instance 'muxcy0' to cell 'MUXCY' [c:/Users/puertask/Documents/atan_phase_detector_x5/atan_phase_detector_x5.srcs/sources_1/ip/mult_32_16/mult_gen_v12_0/hdl/mult_gen_v12_0_vh_rfs.vhd:5332]
INFO: [Synth 8-113] binding component instance 'xorcy0' to cell 'XORCY' [c:/Users/puertask/Documents/atan_phase_detector_x5/atan_phase_detector_x5.srcs/sources_1/ip/mult_32_16/mult_gen_v12_0/hdl/mult_gen_v12_0_vh_rfs.vhd:5338]
INFO: [Synth 8-113] binding component instance 'ma0' to cell 'MULT_AND' [c:/Users/puertask/Documents/atan_phase_detector_x5/atan_phase_detector_x5.srcs/sources_1/ip/mult_32_16/mult_gen_v12_0/hdl/mult_gen_v12_0_vh_rfs.vhd:5327]
INFO: [Synth 8-113] binding component instance 'muxcy0' to cell 'MUXCY' [c:/Users/puertask/Documents/atan_phase_detector_x5/atan_phase_detector_x5.srcs/sources_1/ip/mult_32_16/mult_gen_v12_0/hdl/mult_gen_v12_0_vh_rfs.vhd:5332]
INFO: [Synth 8-113] binding component instance 'xorcy0' to cell 'XORCY' [c:/Users/puertask/Documents/atan_phase_detector_x5/atan_phase_detector_x5.srcs/sources_1/ip/mult_32_16/mult_gen_v12_0/hdl/mult_gen_v12_0_vh_rfs.vhd:5338]
INFO: [Synth 8-113] binding component instance 'xorcy0' to cell 'XORCY' [c:/Users/puertask/Documents/atan_phase_detector_x5/atan_phase_detector_x5.srcs/sources_1/ip/mult_32_16/mult_gen_v12_0/hdl/mult_gen_v12_0_vh_rfs.vhd:5349]
INFO: [Common 17-14] Message 'Synth 8-113' appears 100 times and further instances of the messages will be disabled. Use the Tcl command set_msg_config to change the current settings.
INFO: [Synth 8-256] done synthesizing module 'luts' (2#1) [c:/Users/puertask/Documents/atan_phase_detector_x5/atan_phase_detector_x5.srcs/sources_1/ip/mult_32_16/mult_gen_v12_0/hdl/mult_gen_v12_0_vh_rfs.vhd:4688]
INFO: [Synth 8-256] done synthesizing module 'mult_gen_v12_0_viv' (3#1) [c:/Users/puertask/Documents/atan_phase_detector_x5/atan_phase_detector_x5.srcs/sources_1/ip/mult_32_16/mult_gen_v12_0/hdl/mult_gen_v12_0_vh_rfs.vhd:20771]
INFO: [Synth 8-256] done synthesizing module 'mult_gen_v12_0' (4#1) [c:/Users/puertask/Documents/atan_phase_detector_x5/atan_phase_detector_x5.srcs/sources_1/ip/mult_32_16/mult_gen_v12_0/hdl/mult_gen_v12_0.vhd:145]
INFO: [Synth 8-256] done synthesizing module 'mult_32_16' (5#1) [c:/Users/puertask/Documents/atan_phase_detector_x5/atan_phase_detector_x5.srcs/sources_1/ip/mult_32_16/synth/mult_32_16.vhd:68]
---------------------------------------------------------------------------------
Finished RTL Elaboration : Time (s): cpu = 00:00:09 ; elapsed = 00:00:09 . Memory (MB): peak = 298.887 ; gain = 116.387
---------------------------------------------------------------------------------

Report Check Netlist: 
+------+------------------+-------+---------+-------+------------------+
|      |Item              |Errors |Warnings |Status |Description       |
+------+------------------+-------+---------+-------+------------------+
|1     |multi_driven_nets |      0|        0|Passed |Multi driven nets |
+------+------------------+-------+---------+-------+------------------+
---------------------------------------------------------------------------------
Finished RTL Optimization Phase 1 : Time (s): cpu = 00:00:09 ; elapsed = 00:00:10 . Memory (MB): peak = 298.887 ; gain = 116.387
---------------------------------------------------------------------------------
INFO: [Netlist 29-17] Analyzing 536 Unisim elements for replacement
INFO: [Netlist 29-28] Unisim Transformation completed in 0 CPU seconds
INFO: [Device 21-403] Loading part xc7k160tffg676-2
INFO: [Project 1-570] Preparing netlist for logic optimization

Processing XDC Constraints
Initializing timing engine
Parsing XDC File [c:/Users/puertask/Documents/atan_phase_detector_x5/atan_phase_detector_x5.srcs/sources_1/ip/mult_32_16/mult_32_16_ooc.xdc] for cell 'U0'
Finished Parsing XDC File [c:/Users/puertask/Documents/atan_phase_detector_x5/atan_phase_detector_x5.srcs/sources_1/ip/mult_32_16/mult_32_16_ooc.xdc] for cell 'U0'
Parsing XDC File [C:/Users/puertask/Documents/atan_phase_detector_x5/atan_phase_detector_x5.runs/mult_32_16_synth_1/dont_touch.xdc]
Finished Parsing XDC File [C:/Users/puertask/Documents/atan_phase_detector_x5/atan_phase_detector_x5.runs/mult_32_16_synth_1/dont_touch.xdc]
Completed Processing XDC Constraints

INFO: [Project 1-111] Unisim Transformation Summary:
  A total of 264 instances were transformed.
  MULT_AND => LUT2: 264 instances

Constraint Validation Runtime : Time (s): cpu = 00:00:00 ; elapsed = 00:00:00.031 . Memory (MB): peak = 613.695 ; gain = 0.000
---------------------------------------------------------------------------------
Finished Constraint Validation : Time (s): cpu = 00:00:16 ; elapsed = 00:00:17 . Memory (MB): peak = 613.695 ; gain = 431.195
---------------------------------------------------------------------------------
---------------------------------------------------------------------------------
Start Loading Part and Timing Information
---------------------------------------------------------------------------------
Loading part: xc7k160tffg676-2
---------------------------------------------------------------------------------
Finished Loading Part and Timing Information : Time (s): cpu = 00:00:16 ; elapsed = 00:00:17 . Memory (MB): peak = 613.695 ; gain = 431.195
---------------------------------------------------------------------------------
---------------------------------------------------------------------------------
Start Applying 'set_property' XDC Constraints
---------------------------------------------------------------------------------
Applied set_property DONT_TOUCH = true for U0. (constraint file  C:/Users/puertask/Documents/atan_phase_detector_x5/atan_phase_detector_x5.runs/mult_32_16_synth_1/dont_touch.xdc, line 9).
---------------------------------------------------------------------------------
Finished applying 'set_property' XDC Constraints : Time (s): cpu = 00:00:16 ; elapsed = 00:00:17 . Memory (MB): peak = 613.695 ; gain = 431.195
---------------------------------------------------------------------------------
---------------------------------------------------------------------------------
Finished RTL Optimization Phase 2 : Time (s): cpu = 00:00:17 ; elapsed = 00:00:18 . Memory (MB): peak = 613.695 ; gain = 431.195
---------------------------------------------------------------------------------

Report RTL Partitions: 
+-+--------------+------------+----------+
| |RTL Partition |Replication |Instances |
+-+--------------+------------+----------+
+-+--------------+------------+----------+
---------------------------------------------------------------------------------
Start RTL Component Statistics 
---------------------------------------------------------------------------------
---------------------------------------------------------------------------------
Finished RTL Component Statistics 
---------------------------------------------------------------------------------
---------------------------------------------------------------------------------
Start RTL Hierarchical Component Statistics 
---------------------------------------------------------------------------------
---------------------------------------------------------------------------------
Finished RTL Hierarchical Component Statistics
---------------------------------------------------------------------------------
---------------------------------------------------------------------------------
Start Part Resource Summary
---------------------------------------------------------------------------------
Part Resources:
DSPs: 600 (col length:100)
BRAMs: 650 (col length: RAMB18 100 RAMB36 50)
---------------------------------------------------------------------------------
Finished Part Resource Summary
---------------------------------------------------------------------------------
Start Parallel Synthesis Optimization  : Time (s): cpu = 00:00:17 ; elapsed = 00:00:18 . Memory (MB): peak = 613.695 ; gain = 431.195
---------------------------------------------------------------------------------
Start Cross Boundary Optimization
---------------------------------------------------------------------------------
---------------------------------------------------------------------------------
Finished Cross Boundary Optimization : Time (s): cpu = 00:00:17 ; elapsed = 00:00:18 . Memory (MB): peak = 613.695 ; gain = 431.195
---------------------------------------------------------------------------------
Finished Parallel Reinference  : Time (s): cpu = 00:00:17 ; elapsed = 00:00:18 . Memory (MB): peak = 613.695 ; gain = 431.195

Report RTL Partitions: 
+-+--------------+------------+----------+
| |RTL Partition |Replication |Instances |
+-+--------------+------------+----------+
+-+--------------+------------+----------+
---------------------------------------------------------------------------------
Start Area Optimization
---------------------------------------------------------------------------------
---------------------------------------------------------------------------------
Finished Area Optimization : Time (s): cpu = 00:00:18 ; elapsed = 00:00:18 . Memory (MB): peak = 613.695 ; gain = 431.195
---------------------------------------------------------------------------------
Finished Parallel Area Optimization  : Time (s): cpu = 00:00:18 ; elapsed = 00:00:18 . Memory (MB): peak = 613.695 ; gain = 431.195

Report RTL Partitions: 
+-+--------------+------------+----------+
| |RTL Partition |Replication |Instances |
+-+--------------+------------+----------+
+-+--------------+------------+----------+
Finished Parallel Synthesis Optimization  : Time (s): cpu = 00:00:18 ; elapsed = 00:00:18 . Memory (MB): peak = 613.695 ; gain = 431.195
---------------------------------------------------------------------------------
Start Timing Optimization
---------------------------------------------------------------------------------
---------------------------------------------------------------------------------
Start Applying XDC Timing Constraints
---------------------------------------------------------------------------------
---------------------------------------------------------------------------------
Finished Applying XDC Timing Constraints : Time (s): cpu = 00:00:27 ; elapsed = 00:00:28 . Memory (MB): peak = 613.695 ; gain = 431.195
---------------------------------------------------------------------------------
---------------------------------------------------------------------------------
Finished Timing Optimization : Time (s): cpu = 00:00:27 ; elapsed = 00:00:28 . Memory (MB): peak = 613.695 ; gain = 431.195
---------------------------------------------------------------------------------

Report RTL Partitions: 
+-+--------------+------------+----------+
| |RTL Partition |Replication |Instances |
+-+--------------+------------+----------+
+-+--------------+------------+----------+
---------------------------------------------------------------------------------
Start Technology Mapping
---------------------------------------------------------------------------------
INFO: [Synth 8-3332] Sequential element (\gLUT.gLUT_speed.iLUT/NxM_mult.stage_1_add.stage_1_pipeline.s1_add_out_reg[3][36] ) is unused and will be removed from module mult_gen_v12_0_viv.
INFO: [Synth 8-3332] Sequential element (\gLUT.gLUT_speed.iLUT/NxM_mult.stage_2_add.stage_2_pipeline.s2_add_out_reg[1][41] ) is unused and will be removed from module mult_gen_v12_0_viv.
INFO: [Synth 8-3332] Sequential element (\gLUT.gLUT_speed.iLUT/NxM_mult.stage_2_add.stage_2_pipeline.s2_add_out_reg[1][40] ) is unused and will be removed from module mult_gen_v12_0_viv.
---------------------------------------------------------------------------------
Finished Technology Mapping : Time (s): cpu = 00:00:27 ; elapsed = 00:00:28 . Memory (MB): peak = 613.695 ; gain = 431.195
---------------------------------------------------------------------------------

Report RTL Partitions: 
+-+--------------+------------+----------+
| |RTL Partition |Replication |Instances |
+-+--------------+------------+----------+
+-+--------------+------------+----------+
---------------------------------------------------------------------------------
Start IO Insertion
---------------------------------------------------------------------------------
---------------------------------------------------------------------------------
Start Final Netlist Cleanup
---------------------------------------------------------------------------------
---------------------------------------------------------------------------------
Finished Final Netlist Cleanup
---------------------------------------------------------------------------------
---------------------------------------------------------------------------------
Finished IO Insertion : Time (s): cpu = 00:00:28 ; elapsed = 00:00:28 . Memory (MB): peak = 613.695 ; gain = 431.195
---------------------------------------------------------------------------------

Report Check Netlist: 
+------+------------------+-------+---------+-------+------------------+
|      |Item              |Errors |Warnings |Status |Description       |
+------+------------------+-------+---------+-------+------------------+
|1     |multi_driven_nets |      0|        0|Passed |Multi driven nets |
+------+------------------+-------+---------+-------+------------------+
---------------------------------------------------------------------------------
Start Renaming Generated Instances
---------------------------------------------------------------------------------
---------------------------------------------------------------------------------
Finished Renaming Generated Instances : Time (s): cpu = 00:00:28 ; elapsed = 00:00:28 . Memory (MB): peak = 613.695 ; gain = 431.195
---------------------------------------------------------------------------------

Report RTL Partitions: 
+-+--------------+------------+----------+
| |RTL Partition |Replication |Instances |
+-+--------------+------------+----------+
+-+--------------+------------+----------+
---------------------------------------------------------------------------------
Start Rebuilding User Hierarchy
---------------------------------------------------------------------------------
---------------------------------------------------------------------------------
Finished Rebuilding User Hierarchy : Time (s): cpu = 00:00:28 ; elapsed = 00:00:28 . Memory (MB): peak = 613.695 ; gain = 431.195
---------------------------------------------------------------------------------
---------------------------------------------------------------------------------
Start Renaming Generated Ports : Time (s): cpu = 00:00:28 ; elapsed = 00:00:28 . Memory (MB): peak = 613.695 ; gain = 431.195
---------------------------------------------------------------------------------
---------------------------------------------------------------------------------
Finished Renaming Generated Ports : Time (s): cpu = 00:00:28 ; elapsed = 00:00:28 . Memory (MB): peak = 613.695 ; gain = 431.195
---------------------------------------------------------------------------------
---------------------------------------------------------------------------------
Start Writing Synthesis Report
---------------------------------------------------------------------------------

Report BlackBoxes: 
+-+--------------+----------+
| |BlackBox name |Instances |
+-+--------------+----------+
+-+--------------+----------+

Report Cell Usage: 
+------+---------+------+
|      |Cell     |Count |
+------+---------+------+
|1     |CARRY4   |    65|
|2     |LUT1     |     7|
|3     |LUT2     |   257|
|4     |LUT3     |    16|
|5     |LUT4     |   248|
|6     |MULT_AND |   264|
|7     |MUXCY    |   264|
|8     |SRL16E   |     2|
|9     |XORCY    |   272|
|10    |FDRE     |   545|
+------+---------+------+
---------------------------------------------------------------------------------
Finished Writing Synthesis Report : Time (s): cpu = 00:00:28 ; elapsed = 00:00:28 . Memory (MB): peak = 613.695 ; gain = 431.195
---------------------------------------------------------------------------------
Synthesis finished with 0 errors, 0 critical warnings and 0 warnings.
Synthesis Optimization Runtime : Time (s): cpu = 00:00:14 ; elapsed = 00:00:22 . Memory (MB): peak = 613.695 ; gain = 96.484
Synthesis Optimization Complete : Time (s): cpu = 00:00:28 ; elapsed = 00:00:29 . Memory (MB): peak = 613.695 ; gain = 431.195
INFO: [Project 1-571] Translating synthesized netlist
INFO: [Netlist 29-17] Analyzing 601 Unisim elements for replacement
INFO: [Netlist 29-28] Unisim Transformation completed in 0 CPU seconds
WARNING: [Netlist 29-101] Netlist 'mult_32_16' is not ideal for floorplanning, since the cellview 'luts' contains a large number of primitives.  Please consider enabling hierarchy in synthesis if you want to do floorplanning.
INFO: [Project 1-570] Preparing netlist for logic optimization
Parsing XDC File [c:/Users/puertask/Documents/atan_phase_detector_x5/atan_phase_detector_x5.srcs/sources_1/ip/mult_32_16/mult_32_16_ooc.xdc] for cell 'U0'
Finished Parsing XDC File [c:/Users/puertask/Documents/atan_phase_detector_x5/atan_phase_detector_x5.srcs/sources_1/ip/mult_32_16/mult_32_16_ooc.xdc] for cell 'U0'
INFO: [Opt 31-138] Pushed 0 inverter(s) to 0 load pin(s).
INFO: [Project 1-111] Unisim Transformation Summary:
  A total of 336 instances were transformed.
  (MUXCY,XORCY) => CARRY4: 72 instances
  MULT_AND => LUT2: 264 instances

INFO: [Common 17-83] Releasing license: Synthesis
132 Infos, 26 Warnings, 0 Critical Warnings and 0 Errors encountered.
synth_design completed successfully
synth_design: Time (s): cpu = 00:00:27 ; elapsed = 00:00:28 . Memory (MB): peak = 613.695 ; gain = 411.293
INFO: [Coretcl 2-1174] Renamed 3 cell refs.
report_utilization: Time (s): cpu = 00:00:00 ; elapsed = 00:00:00.063 . Memory (MB): peak = 613.695 ; gain = 0.000
INFO: [Common 17-206] Exiting Vivado at Wed Jan 04 12:12:23 2017...
