INFO: [VRFC 10-163] Analyzing VHDL file "C:/Users/puertask/Documents/atan_phase_detector_x5/atan_phase_detector_x5.srcs/sources_1/ip/mult_32_16/xbip_utils_v3_0/hdl/xbip_utils_v3_0_vh_rfs.vhd" into library xbip_utils_v3_0
INFO: [VRFC 10-163] Analyzing VHDL file "C:/Users/puertask/Documents/atan_phase_detector_x5/atan_phase_detector_x5.srcs/sources_1/ip/mult_32_16/xbip_pipe_v3_0/hdl/xbip_pipe_v3_0_vh_rfs.vhd" into library xbip_pipe_v3_0
INFO: [VRFC 10-307] analyzing entity xbip_pipe_v3_0_viv
INFO: [VRFC 10-163] Analyzing VHDL file "C:/Users/puertask/Documents/atan_phase_detector_x5/atan_phase_detector_x5.srcs/sources_1/ip/mult_32_16/xbip_pipe_v3_0/hdl/xbip_pipe_v3_0.vhd" into library xbip_pipe_v3_0
INFO: [VRFC 10-307] analyzing entity xbip_pipe_v3_0
INFO: [VRFC 10-163] Analyzing VHDL file "C:/Users/puertask/Documents/atan_phase_detector_x5/atan_phase_detector_x5.srcs/sources_1/ip/mult_32_16/xbip_bram18k_v3_0/hdl/xbip_bram18k_v3_0_vh_rfs.vhd" into library xbip_bram18k_v3_0
INFO: [VRFC 10-307] analyzing entity xbip_bram18k_synth
INFO: [VRFC 10-307] analyzing entity xbip_bram18k_rtl
INFO: [VRFC 10-307] analyzing entity xbip_bram18k_v3_0_viv
INFO: [VRFC 10-163] Analyzing VHDL file "C:/Users/puertask/Documents/atan_phase_detector_x5/atan_phase_detector_x5.srcs/sources_1/ip/mult_32_16/xbip_bram18k_v3_0/hdl/xbip_bram18k_v3_0.vhd" into library xbip_bram18k_v3_0
INFO: [VRFC 10-307] analyzing entity xbip_bram18k_v3_0
INFO: [VRFC 10-163] Analyzing VHDL file "C:/Users/puertask/Documents/atan_phase_detector_x5/atan_phase_detector_x5.srcs/sources_1/ip/mult_32_16/mult_gen_v12_0/hdl/mult_gen_v12_0_vh_rfs.vhd" into library mult_gen_v12_0
INFO: [VRFC 10-307] analyzing entity op_resize
INFO: [VRFC 10-307] analyzing entity delay_line
INFO: [VRFC 10-307] analyzing entity cc_compare
INFO: [VRFC 10-307] analyzing entity luts
INFO: [VRFC 10-307] analyzing entity mult18
INFO: [VRFC 10-307] analyzing entity dsp
INFO: [VRFC 10-307] analyzing entity hybrid
INFO: [VRFC 10-307] analyzing entity ccm_dist_mem
INFO: [VRFC 10-307] analyzing entity ccm_sp_block_mem
INFO: [VRFC 10-307] analyzing entity ccm_dp_block_mem
INFO: [VRFC 10-307] analyzing entity ccm_syncmem
INFO: [VRFC 10-307] analyzing entity ccm_scaled_adder
INFO: [VRFC 10-307] analyzing entity ccm_operation
INFO: [VRFC 10-307] analyzing entity ccm
INFO: [VRFC 10-307] analyzing entity three_input_adder
INFO: [VRFC 10-307] analyzing entity multmxn_lut6
INFO: [VRFC 10-307] analyzing entity mult_gen_v12_0_viv
INFO: [VRFC 10-163] Analyzing VHDL file "C:/Users/puertask/Documents/atan_phase_detector_x5/atan_phase_detector_x5.srcs/sources_1/ip/mult_32_16/mult_gen_v12_0/hdl/mult_gen_v12_0.vhd" into library mult_gen_v12_0
INFO: [VRFC 10-307] analyzing entity mult_gen_v12_0
INFO: [VRFC 10-163] Analyzing VHDL file "C:/Users/puertask/Documents/atan_phase_detector_x5/atan_phase_detector_x5.srcs/sources_1/ip/mult_32_16/sim/mult_32_16.vhd" into library xil_defaultlib
INFO: [VRFC 10-307] analyzing entity mult_32_16
INFO: [VRFC 10-163] Analyzing VHDL file "C:/Users/puertask/Documents/atan_phase_detector_x5/atan_phase_detector_x5.srcs/sources_1/ip/DSP_Coeff/xbip_dsp48_wrapper_v3_0/hdl/xbip_dsp48_wrapper_v3_0_vh_rfs.vhd" into library xbip_dsp48_wrapper_v3_0
INFO: [VRFC 10-307] analyzing entity xbip_dsp48a_wrapper_v3_0
INFO: [VRFC 10-307] analyzing entity xbip_dsp48a1_wrapper_v3_0
INFO: [VRFC 10-307] analyzing entity xbip_dsp48e_wrapper_v3_0
INFO: [VRFC 10-307] analyzing entity xbip_dsp48e1_wrapper_v3_0
INFO: [VRFC 10-307] analyzing entity xbip_dsp48e2_wrapper_v3_0
INFO: [VRFC 10-307] analyzing entity xbip_dsp48_wrapper_v3_0
INFO: [VRFC 10-163] Analyzing VHDL file "C:/Users/puertask/Documents/atan_phase_detector_x5/atan_phase_detector_x5.srcs/sources_1/ip/DSP_Coeff/xbip_dsp48_macro_v3_0/hdl/xbip_dsp48_macro_v3_0_vh_rfs.vhd" into library xbip_dsp48_macro_v3_0
INFO: [VRFC 10-307] analyzing entity xbip_dsp48_macro_rtl
INFO: [VRFC 10-307] analyzing entity xbip_dsp48_macro_synth
INFO: [VRFC 10-307] analyzing entity xbip_dsp48_macro_v3_0_viv
INFO: [VRFC 10-163] Analyzing VHDL file "C:/Users/puertask/Documents/atan_phase_detector_x5/atan_phase_detector_x5.srcs/sources_1/ip/DSP_Coeff/xbip_dsp48_macro_v3_0/hdl/xbip_dsp48_macro_v3_0.vhd" into library xbip_dsp48_macro_v3_0
INFO: [VRFC 10-307] analyzing entity xbip_dsp48_macro_v3_0
INFO: [VRFC 10-163] Analyzing VHDL file "C:/Users/puertask/Documents/atan_phase_detector_x5/atan_phase_detector_x5.srcs/sources_1/ip/DSP_Coeff/sim/DSP_Coeff.vhd" into library xil_defaultlib
INFO: [VRFC 10-307] analyzing entity DSP_Coeff
INFO: [VRFC 10-163] Analyzing VHDL file "C:/Users/puertask/Documents/atan_phase_detector_x5/atan_phase_detector_x5.srcs/sources_1/new/datalib.vhd" into library xil_defaultlib
INFO: [VRFC 10-163] Analyzing VHDL file "C:/Users/puertask/Documents/atan_phase_detector_x5/atan_phase_detector_x5.srcs/sources_1/ip/DSP_ref/sim/DSP_ref.vhd" into library xil_defaultlib
INFO: [VRFC 10-307] analyzing entity DSP_ref
INFO: [VRFC 10-163] Analyzing VHDL file "C:/Users/puertask/Documents/atan_phase_detector_x5/atan_phase_detector_x5.srcs/sources_1/ip/cordic_translate/c_reg_fd_v12_0/hdl/c_reg_fd_v12_0_vh_rfs.vhd" into library c_reg_fd_v12_0
INFO: [VRFC 10-307] analyzing entity c_reg_fd_v12_0_viv
INFO: [VRFC 10-163] Analyzing VHDL file "C:/Users/puertask/Documents/atan_phase_detector_x5/atan_phase_detector_x5.srcs/sources_1/ip/cordic_translate/c_reg_fd_v12_0/hdl/c_reg_fd_v12_0.vhd" into library c_reg_fd_v12_0
INFO: [VRFC 10-307] analyzing entity c_reg_fd_v12_0
INFO: [VRFC 10-163] Analyzing VHDL file "C:/Users/puertask/Documents/atan_phase_detector_x5/atan_phase_detector_x5.srcs/sources_1/ip/cordic_translate/xbip_dsp48_addsub_v3_0/hdl/xbip_dsp48_addsub_v3_0_vh_rfs.vhd" into library xbip_dsp48_addsub_v3_0
INFO: [VRFC 10-307] analyzing entity xbip_dsp48_addsub_rtl
INFO: [VRFC 10-307] analyzing entity xbip_dsp48_addsub_synth
INFO: [VRFC 10-307] analyzing entity xbip_dsp48_addsub_v3_0_viv
INFO: [VRFC 10-163] Analyzing VHDL file "C:/Users/puertask/Documents/atan_phase_detector_x5/atan_phase_detector_x5.srcs/sources_1/ip/cordic_translate/xbip_dsp48_addsub_v3_0/hdl/xbip_dsp48_addsub_v3_0.vhd" into library xbip_dsp48_addsub_v3_0
INFO: [VRFC 10-307] analyzing entity xbip_dsp48_addsub_v3_0
INFO: [VRFC 10-163] Analyzing VHDL file "C:/Users/puertask/Documents/atan_phase_detector_x5/atan_phase_detector_x5.srcs/sources_1/ip/cordic_translate/xbip_addsub_v3_0/hdl/xbip_addsub_v3_0_vh_rfs.vhd" into library xbip_addsub_v3_0
INFO: [VRFC 10-307] analyzing entity xbip_addsub_v3_0_viv
INFO: [VRFC 10-163] Analyzing VHDL file "C:/Users/puertask/Documents/atan_phase_detector_x5/atan_phase_detector_x5.srcs/sources_1/ip/cordic_translate/xbip_addsub_v3_0/hdl/xbip_addsub_v3_0.vhd" into library xbip_addsub_v3_0
INFO: [VRFC 10-307] analyzing entity xbip_addsub_v3_0
INFO: [VRFC 10-163] Analyzing VHDL file "C:/Users/puertask/Documents/atan_phase_detector_x5/atan_phase_detector_x5.srcs/sources_1/ip/cordic_translate/c_addsub_v12_0/hdl/c_addsub_v12_0_vh_rfs.vhd" into library c_addsub_v12_0
INFO: [VRFC 10-307] analyzing entity c_addsub_v12_0_lut6_legacy
INFO: [VRFC 10-307] analyzing entity c_addsub_v12_0_base_legacy
INFO: [VRFC 10-307] analyzing entity c_addsub_v12_0_fabric_legacy
INFO: [VRFC 10-307] analyzing entity c_addsub_v12_0_legacy
INFO: [VRFC 10-307] analyzing entity c_addsub_v12_0_viv
INFO: [VRFC 10-163] Analyzing VHDL file "C:/Users/puertask/Documents/atan_phase_detector_x5/atan_phase_detector_x5.srcs/sources_1/ip/cordic_translate/c_addsub_v12_0/hdl/c_addsub_v12_0.vhd" into library c_addsub_v12_0
INFO: [VRFC 10-307] analyzing entity c_addsub_v12_0
INFO: [VRFC 10-163] Analyzing VHDL file "C:/Users/puertask/Documents/atan_phase_detector_x5/atan_phase_detector_x5.srcs/sources_1/ip/cordic_translate/axi_utils_v2_0/hdl/axi_utils_v2_0_vh_rfs.vhd" into library axi_utils_v2_0
INFO: [VRFC 10-307] analyzing entity glb_srl_fifo
INFO: [VRFC 10-307] analyzing entity glb_ifx_slave
INFO: [VRFC 10-307] analyzing entity glb_ifx_master
INFO: [VRFC 10-307] analyzing entity axi_slave_2to1
INFO: [VRFC 10-307] analyzing entity axi_slave_3to1
INFO: [VRFC 10-307] analyzing entity axi_slave_4to1
INFO: [VRFC 10-163] Analyzing VHDL file "C:/Users/puertask/Documents/atan_phase_detector_x5/atan_phase_detector_x5.srcs/sources_1/ip/cordic_translate/cordic_v6_0/hdl/cordic_v6_0_vh_rfs.vhd" into library cordic_v6_0
INFO: [VRFC 10-307] analyzing entity compare
INFO: [VRFC 10-307] analyzing entity addsub
INFO: [VRFC 10-307] analyzing entity delay
INFO: [VRFC 10-307] analyzing entity delay_bit
INFO: [VRFC 10-307] analyzing entity cordic_inp_config
INFO: [VRFC 10-307] analyzing entity cordic_eng
INFO: [VRFC 10-307] analyzing entity cordic_eng_slice_par
INFO: [VRFC 10-307] analyzing entity cordic_dat_acc_slice_par
INFO: [VRFC 10-307] analyzing entity cordic_cntr
INFO: [VRFC 10-307] analyzing entity cordic_ctrl_slice_par
INFO: [VRFC 10-307] analyzing entity cordic_pha_acc_slice_wser
INFO: [VRFC 10-307] analyzing entity cordic_pha_acc_slice_par
INFO: [VRFC 10-307] analyzing entity cordic_ctrl_slice_wser
INFO: [VRFC 10-307] analyzing entity cordic_dat_acc_slice_wser
INFO: [VRFC 10-307] analyzing entity cordic_shift
INFO: [VRFC 10-307] analyzing entity cordic_eng_slice_wser
INFO: [VRFC 10-307] analyzing entity cordic_atan_rom
INFO: [VRFC 10-307] analyzing entity cordic_scale
INFO: [VRFC 10-307] analyzing entity cordic_out_config
INFO: [VRFC 10-307] analyzing entity cordic_round
INFO: [VRFC 10-307] analyzing entity cordic_sqrt_mod
INFO: [VRFC 10-307] analyzing entity cordic_sqrt
INFO: [VRFC 10-307] analyzing entity cordic_v6_0_synth
INFO: [VRFC 10-307] analyzing entity cordic_v6_0_viv
INFO: [VRFC 10-163] Analyzing VHDL file "C:/Users/puertask/Documents/atan_phase_detector_x5/atan_phase_detector_x5.srcs/sources_1/ip/cordic_translate/cordic_v6_0/hdl/cordic_v6_0.vhd" into library cordic_v6_0
INFO: [VRFC 10-307] analyzing entity cordic_v6_0
INFO: [VRFC 10-163] Analyzing VHDL file "C:/Users/puertask/Documents/atan_phase_detector_x5/atan_phase_detector_x5.srcs/sources_1/ip/cordic_translate/sim/cordic_translate.vhd" into library xil_defaultlib
INFO: [VRFC 10-307] analyzing entity cordic_translate
INFO: [VRFC 10-163] Analyzing VHDL file "C:/Users/puertask/Documents/atan_phase_detector_x5/atan_phase_detector_x5.srcs/sources_1/new/avg_filter_x5.vhd" into library xil_defaultlib
INFO: [VRFC 10-307] analyzing entity avg_filter_x5
WARNING: [VRFC 10-280] actual for formal port b is neither a static name nor a globally static expression [C:/Users/puertask/Documents/atan_phase_detector_x5/atan_phase_detector_x5.srcs/sources_1/new/avg_filter_x5.vhd:178]
INFO: [VRFC 10-163] Analyzing VHDL file "C:/Users/puertask/Documents/atan_phase_detector_x5/atan_phase_detector_x5.srcs/sources_1/new/atan_phase_detector_x5.vhd" into library xil_defaultlib
INFO: [VRFC 10-307] analyzing entity atan_phase_detector_x5
WARNING: [VRFC 10-280] actual for formal port s_axis_cartesian_tvalid is neither a static name nor a globally static expression [C:/Users/puertask/Documents/atan_phase_detector_x5/atan_phase_detector_x5.srcs/sources_1/new/atan_phase_detector_x5.vhd:242]
WARNING: [VRFC 10-280] actual for formal port s_axis_cartesian_tdata is neither a static name nor a globally static expression [C:/Users/puertask/Documents/atan_phase_detector_x5/atan_phase_detector_x5.srcs/sources_1/new/atan_phase_detector_x5.vhd:243]
INFO: [VRFC 10-163] Analyzing VHDL file "C:/Users/puertask/Documents/atan_phase_detector_x5/atan_phase_detector_x5.srcs/sim_1/new/atan_phase_detector_x5_tb.vhd" into library xil_defaultlib
INFO: [VRFC 10-307] analyzing entity atan_phase_detector_x5_tb
